mode: set
github.com/RandySteven/neo-postman/apperror/errors.go:24.39,26.2 1 0
github.com/RandySteven/neo-postman/apperror/errors.go:28.81,35.2 2 0
github.com/RandySteven/neo-postman/apperror/errors.go:37.38,38.20 1 0
github.com/RandySteven/neo-postman/apperror/errors.go:39.21,40.31 1 0
github.com/RandySteven/neo-postman/apperror/errors.go:41.19,42.29 1 0
github.com/RandySteven/neo-postman/apperror/errors.go:43.18,44.35 1 0
github.com/RandySteven/neo-postman/apperror/errors.go:45.23,46.33 1 0
github.com/RandySteven/neo-postman/apperror/errors.go:48.2,48.39 1 0
github.com/RandySteven/neo-postman/apps/handlers.go:16.57,24.2 2 0
github.com/RandySteven/neo-postman/apps/middlewares.go:8.52,15.2 2 0
github.com/RandySteven/neo-postman/apps/routers.go:20.87,22.2 1 0
github.com/RandySteven/neo-postman/apps/routers.go:24.78,52.2 6 0
github.com/RandySteven/neo-postman/apps/routers.go:54.46,58.58 3 0
github.com/RandySteven/neo-postman/apps/routers.go:58.58,61.3 2 0
github.com/RandySteven/neo-postman/apps/routers.go:63.2,64.59 2 0
github.com/RandySteven/neo-postman/apps/routers.go:64.59,67.3 2 0
github.com/RandySteven/neo-postman/apps/routers.go:69.2,70.60 2 0
github.com/RandySteven/neo-postman/apps/routers.go:70.60,73.3 2 0
github.com/RandySteven/neo-postman/apps/routers.go:75.2,76.53 2 0
github.com/RandySteven/neo-postman/apps/routers.go:76.53,79.3 2 0
github.com/RandySteven/neo-postman/apps/routers.go:82.56,84.2 1 0
github.com/RandySteven/neo-postman/apps/usecases.go:15.57,21.2 1 0
github.com/RandySteven/neo-postman/cmd/neo_post/cmd/main.go:14.13,16.16 2 0
github.com/RandySteven/neo-postman/cmd/neo_post/cmd/main.go:16.16,19.3 2 0
github.com/RandySteven/neo-postman/cmd/neo_post/cmd/main.go:22.13,27.16 4 0
github.com/RandySteven/neo-postman/cmd/neo_post/cmd/main.go:27.16,30.3 2 0
github.com/RandySteven/neo-postman/cmd/neo_post/cmd/main.go:32.2,33.16 2 0
github.com/RandySteven/neo-postman/cmd/neo_post/cmd/main.go:33.16,36.3 2 0
github.com/RandySteven/neo-postman/cmd/neo_post/cmd/main.go:38.2,39.16 2 0
github.com/RandySteven/neo-postman/cmd/neo_post/cmd/main.go:39.16,42.3 2 0
github.com/RandySteven/neo-postman/cmd/neo_post/cmd/main.go:44.2,46.16 3 0
github.com/RandySteven/neo-postman/cmd/neo_post/cmd/main.go:46.16,49.3 2 0
github.com/RandySteven/neo-postman/cmd/neo_post/cmd/main.go:51.2,56.15 6 0
github.com/RandySteven/neo-postman/entities/payloads/responses/response.go:9.65,13.16 2 0
github.com/RandySteven/neo-postman/entities/payloads/responses/response.go:13.16,15.3 1 0
github.com/RandySteven/neo-postman/entities/payloads/responses/response.go:16.2,16.17 1 0
github.com/RandySteven/neo-postman/entities/payloads/responses/response.go:16.17,18.3 1 0
github.com/RandySteven/neo-postman/entities/payloads/responses/response.go:19.2,19.17 1 0
github.com/RandySteven/neo-postman/cmd/neo_post/drop/main.go:10.13,13.16 2 0
github.com/RandySteven/neo-postman/cmd/neo_post/drop/main.go:13.16,16.3 2 0
github.com/RandySteven/neo-postman/cmd/neo_post/drop/main.go:18.2,19.16 2 0
github.com/RandySteven/neo-postman/cmd/neo_post/drop/main.go:19.16,22.3 2 0
github.com/RandySteven/neo-postman/cmd/neo_post/drop/main.go:24.2,25.16 2 0
github.com/RandySteven/neo-postman/cmd/neo_post/drop/main.go:25.16,28.3 2 0
github.com/RandySteven/neo-postman/cmd/neo_post/drop/main.go:30.2,30.41 1 0
github.com/RandySteven/neo-postman/cmd/neo_post/ruler/cli.go:14.36,18.2 1 0
github.com/RandySteven/neo-postman/cmd/neo_post/ruler/main.go:18.13,20.2 1 0
github.com/RandySteven/neo-postman/cmd/neo_post/ruler/main.go:22.14,24.27 2 0
github.com/RandySteven/neo-postman/cmd/neo_post/ruler/main.go:24.27,27.3 2 0
github.com/RandySteven/neo-postman/cmd/neo_post/ruler/main.go:29.2,29.24 1 0
github.com/RandySteven/neo-postman/cmd/neo_post/ruler/main.go:30.15,31.27 1 0
github.com/RandySteven/neo-postman/cmd/neo_post/ruler/main.go:31.27,34.4 2 0
github.com/RandySteven/neo-postman/cmd/neo_post/ruler/main.go:35.3,35.20 1 0
github.com/RandySteven/neo-postman/cmd/neo_post/ruler/main.go:36.28,37.27 1 0
github.com/RandySteven/neo-postman/cmd/neo_post/ruler/main.go:37.27,40.4 2 0
github.com/RandySteven/neo-postman/cmd/neo_post/ruler/main.go:41.3,41.25 1 0
github.com/RandySteven/neo-postman/cmd/neo_post/ruler/main.go:42.10,43.33 1 0
github.com/RandySteven/neo-postman/cmd/neo_post/ruler/model.go:9.31,17.16 7 0
github.com/RandySteven/neo-postman/cmd/neo_post/ruler/model.go:17.16,21.3 3 0
github.com/RandySteven/neo-postman/cmd/neo_post/ruler/model.go:22.2,22.43 1 0
github.com/RandySteven/neo-postman/cmd/neo_post/ruler/repository.go:11.36,14.16 3 0
github.com/RandySteven/neo-postman/cmd/neo_post/ruler/repository.go:14.16,17.3 2 0
github.com/RandySteven/neo-postman/cmd/neo_post/ruler/repository.go:19.2,20.16 2 0
github.com/RandySteven/neo-postman/cmd/neo_post/ruler/repository.go:20.16,23.3 2 0
github.com/RandySteven/neo-postman/cmd/neo_post/ruler/repository.go:24.2,38.12 11 0
github.com/RandySteven/neo-postman/cmd/neo_post/ruler/repository.go:38.12,42.17 4 0
github.com/RandySteven/neo-postman/cmd/neo_post/ruler/repository.go:42.17,46.4 3 0
github.com/RandySteven/neo-postman/cmd/neo_post/ruler/repository.go:49.2,49.12 1 0
github.com/RandySteven/neo-postman/cmd/neo_post/ruler/repository.go:49.12,53.17 4 0
github.com/RandySteven/neo-postman/cmd/neo_post/ruler/repository.go:53.17,57.4 3 0
github.com/RandySteven/neo-postman/cmd/neo_post/ruler/repository.go:60.2,61.48 2 0
github.com/RandySteven/neo-postman/cmd/neo_post/migration/main.go:10.13,13.16 2 0
github.com/RandySteven/neo-postman/cmd/neo_post/migration/main.go:13.16,16.3 2 0
github.com/RandySteven/neo-postman/cmd/neo_post/migration/main.go:18.2,19.16 2 0
github.com/RandySteven/neo-postman/cmd/neo_post/migration/main.go:19.16,22.3 2 0
github.com/RandySteven/neo-postman/cmd/neo_post/migration/main.go:24.2,25.16 2 0
github.com/RandySteven/neo-postman/cmd/neo_post/migration/main.go:25.16,28.3 2 0
github.com/RandySteven/neo-postman/cmd/neo_post/migration/main.go:30.2,30.46 1 0
github.com/RandySteven/neo-postman/enums/issue_type.go:11.38,13.2 1 0
github.com/RandySteven/neo-postman/enums/result_status.go:11.41,12.11 1 0
github.com/RandySteven/neo-postman/enums/result_status.go:13.16,14.20 1 0
github.com/RandySteven/neo-postman/enums/result_status.go:15.18,16.22 1 0
github.com/RandySteven/neo-postman/enums/result_status.go:17.13,18.17 1 0
github.com/RandySteven/neo-postman/enums/result_status.go:20.2,20.18 1 0
github.com/RandySteven/neo-postman/enums/router_prefix.go:12.41,14.2 1 0
github.com/RandySteven/neo-postman/entities/payloads/params/test_data_param.go:14.48,22.2 4 0
github.com/RandySteven/neo-postman/entities/payloads/params/test_data_param.go:24.39,26.2 1 0
github.com/RandySteven/neo-postman/entities/models/test_data.go:30.116,40.2 9 0
github.com/RandySteven/neo-postman/middlewares/cors_middleware.go:8.53,9.71 1 0
github.com/RandySteven/neo-postman/middlewares/cors_middleware.go:9.71,17.28 7 0
github.com/RandySteven/neo-postman/middlewares/cors_middleware.go:17.28,20.4 2 0
github.com/RandySteven/neo-postman/middlewares/cors_middleware.go:21.3,21.23 1 0
github.com/RandySteven/neo-postman/middlewares/logging_middleware.go:12.56,13.71 1 0
github.com/RandySteven/neo-postman/middlewares/logging_middleware.go:13.71,19.17 4 0
github.com/RandySteven/neo-postman/middlewares/logging_middleware.go:19.17,23.4 3 0
github.com/RandySteven/neo-postman/middlewares/logging_middleware.go:25.3,36.60 4 0
github.com/RandySteven/neo-postman/middlewares/logging_middleware.go:36.60,39.4 2 0
github.com/RandySteven/neo-postman/middlewares/logging_middleware.go:40.3,40.108 1 0
github.com/RandySteven/neo-postman/middlewares/timeout_middleware.go:9.56,10.71 1 0
github.com/RandySteven/neo-postman/middlewares/timeout_middleware.go:10.71,22.13 5 0
github.com/RandySteven/neo-postman/middlewares/timeout_middleware.go:22.13,25.4 2 0
github.com/RandySteven/neo-postman/middlewares/timeout_middleware.go:28.3,28.10 1 0
github.com/RandySteven/neo-postman/middlewares/timeout_middleware.go:29.15,31.10 1 0
github.com/RandySteven/neo-postman/middlewares/timeout_middleware.go:32.21,34.45 1 0
github.com/RandySteven/neo-postman/middlewares/timeout_middleware.go:34.45,37.5 2 0
github.com/RandySteven/neo-postman/pkg/jira/client.go:16.47,18.2 1 0
github.com/RandySteven/neo-postman/pkg/jira/client.go:20.113,24.16 4 0
github.com/RandySteven/neo-postman/pkg/jira/client.go:24.16,27.3 2 0
github.com/RandySteven/neo-postman/pkg/jira/client.go:28.2,28.22 1 0
github.com/RandySteven/neo-postman/pkg/jira/client.go:31.43,33.21 2 0
github.com/RandySteven/neo-postman/pkg/jira/client.go:33.21,35.3 1 0
github.com/RandySteven/neo-postman/pkg/jira/client.go:37.2,41.16 3 0
github.com/RandySteven/neo-postman/pkg/jira/client.go:41.16,43.3 1 0
github.com/RandySteven/neo-postman/pkg/jira/client.go:44.2,46.8 1 0
github.com/RandySteven/neo-postman/pkg/yaml/base_url.go:13.42,16.16 2 0
github.com/RandySteven/neo-postman/pkg/yaml/base_url.go:16.16,18.3 1 0
github.com/RandySteven/neo-postman/pkg/yaml/base_url.go:20.2,21.16 2 0
github.com/RandySteven/neo-postman/pkg/yaml/base_url.go:21.16,23.3 1 0
github.com/RandySteven/neo-postman/pkg/yaml/base_url.go:25.2,28.16 3 0
github.com/RandySteven/neo-postman/pkg/yaml/base_url.go:28.16,30.3 1 0
github.com/RandySteven/neo-postman/pkg/yaml/base_url.go:32.2,32.21 1 0
github.com/RandySteven/neo-postman/pkg/yaml/base_url.go:35.51,36.26 1 0
github.com/RandySteven/neo-postman/pkg/yaml/base_url.go:36.26,38.3 1 0
github.com/RandySteven/neo-postman/pkg/yaml/base_url.go:39.2,39.14 1 0
github.com/RandySteven/neo-postman/pkg/config/constructor.go:8.52,11.16 3 0
github.com/RandySteven/neo-postman/pkg/config/constructor.go:11.16,13.3 1 0
github.com/RandySteven/neo-postman/pkg/config/constructor.go:14.2,17.42 3 0
github.com/RandySteven/neo-postman/pkg/config/constructor.go:17.42,19.3 1 0
github.com/RandySteven/neo-postman/pkg/config/constructor.go:20.2,20.20 1 0
github.com/RandySteven/neo-postman/pkg/config/run.go:17.35,21.55 4 0
github.com/RandySteven/neo-postman/pkg/config/run.go:21.55,23.3 1 0
github.com/RandySteven/neo-postman/pkg/config/run.go:24.2,24.24 1 0
github.com/RandySteven/neo-postman/pkg/config/run.go:27.44,29.16 2 0
github.com/RandySteven/neo-postman/pkg/config/run.go:29.16,31.3 1 0
github.com/RandySteven/neo-postman/pkg/config/run.go:32.2,32.15 1 0
github.com/RandySteven/neo-postman/pkg/config/run.go:32.15,34.3 1 0
github.com/RandySteven/neo-postman/pkg/config/run.go:35.2,35.12 1 0
github.com/RandySteven/neo-postman/pkg/config/run.go:38.37,51.12 5 0
github.com/RandySteven/neo-postman/pkg/config/run.go:51.12,52.77 1 0
github.com/RandySteven/neo-postman/pkg/config/run.go:52.77,54.4 1 0
github.com/RandySteven/neo-postman/pkg/config/run.go:57.2,63.42 5 0
github.com/RandySteven/neo-postman/pkg/config/run.go:63.42,65.3 1 0
github.com/RandySteven/neo-postman/pkg/config/run.go:67.2,67.31 1 0
github.com/RandySteven/neo-postman/pkg/postgres/db.go:24.68,25.32 1 0
github.com/RandySteven/neo-postman/pkg/postgres/db.go:25.32,27.3 1 0
github.com/RandySteven/neo-postman/pkg/postgres/db.go:28.2,36.16 4 0
github.com/RandySteven/neo-postman/pkg/postgres/db.go:36.16,38.3 1 0
github.com/RandySteven/neo-postman/pkg/postgres/db.go:39.2,44.16 6 0
github.com/RandySteven/neo-postman/pkg/postgres/db.go:44.16,47.3 2 0
github.com/RandySteven/neo-postman/pkg/postgres/db.go:48.2,53.8 1 0
github.com/RandySteven/neo-postman/pkg/postgres/db.go:56.52,62.2 1 0
github.com/RandySteven/neo-postman/pkg/postgres/db.go:64.42,70.2 1 0
github.com/RandySteven/neo-postman/pkg/postgres/db.go:72.55,75.45 2 0
github.com/RandySteven/neo-postman/pkg/postgres/db.go:75.45,77.17 2 0
github.com/RandySteven/neo-postman/pkg/postgres/db.go:77.17,80.4 2 0
github.com/RandySteven/neo-postman/pkg/postgres/db.go:84.50,86.36 2 0
github.com/RandySteven/neo-postman/pkg/postgres/db.go:86.36,88.17 2 0
github.com/RandySteven/neo-postman/pkg/postgres/db.go:88.17,91.4 2 0
github.com/RandySteven/neo-postman/pkg/redis/cache.go:14.30,23.2 2 0
github.com/RandySteven/neo-postman/pkg/redis/cache.go:25.51,27.2 1 0
github.com/RandySteven/neo-postman/pkg/redis/cache.go:29.116,31.2 1 0
github.com/RandySteven/neo-postman/pkg/redis/cache.go:33.86,35.2 1 0
github.com/RandySteven/neo-postman/pkg/redis/cache.go:37.55,39.16 2 0
github.com/RandySteven/neo-postman/pkg/redis/cache.go:39.16,41.3 1 0
github.com/RandySteven/neo-postman/pkg/redis/cache.go:42.2,43.12 2 0
github.com/RandySteven/neo-postman/queries/query.go:9.43,11.2 1 0
github.com/RandySteven/neo-postman/queries/query.go:13.38,15.2 1 0
github.com/RandySteven/neo-postman/queries/query.go:17.36,19.2 1 0
github.com/RandySteven/neo-postman/mocks/CliRuler.go:15.35,17.2 1 0
github.com/RandySteven/neo-postman/mocks/CliRuler.go:20.40,22.2 1 0
github.com/RandySteven/neo-postman/mocks/CliRuler.go:29.14,33.19 3 0
github.com/RandySteven/neo-postman/mocks/CliRuler.go:33.19,33.49 1 0
github.com/RandySteven/neo-postman/mocks/CliRuler.go:35.2,35.13 1 0
github.com/RandySteven/neo-postman/mocks/DevHandler.go:19.75,21.2 1 0
github.com/RandySteven/neo-postman/mocks/DevHandler.go:24.74,26.2 1 0
github.com/RandySteven/neo-postman/mocks/DevHandler.go:29.69,31.2 1 0
github.com/RandySteven/neo-postman/mocks/DevHandler.go:38.16,42.19 3 0
github.com/RandySteven/neo-postman/mocks/DevHandler.go:42.19,42.49 1 0
github.com/RandySteven/neo-postman/mocks/DevHandler.go:44.2,44.13 1 0
github.com/RandySteven/neo-postman/mocks/HandlerFunc.go:19.72,21.2 1 0
github.com/RandySteven/neo-postman/mocks/HandlerFunc.go:28.17,32.19 3 0
github.com/RandySteven/neo-postman/mocks/HandlerFunc.go:32.19,32.49 1 0
github.com/RandySteven/neo-postman/mocks/HandlerFunc.go:34.2,34.13 1 0
github.com/RandySteven/neo-postman/mocks/JiraAction.go:20.101,23.19 2 0
github.com/RandySteven/neo-postman/mocks/JiraAction.go:23.19,24.53 1 0
github.com/RandySteven/neo-postman/mocks/JiraAction.go:27.2,29.91 3 0
github.com/RandySteven/neo-postman/mocks/JiraAction.go:29.91,31.3 1 0
github.com/RandySteven/neo-postman/mocks/JiraAction.go:32.2,32.82 1 0
github.com/RandySteven/neo-postman/mocks/JiraAction.go:32.82,34.3 1 0
github.com/RandySteven/neo-postman/mocks/JiraAction.go:34.8,35.24 1 0
github.com/RandySteven/neo-postman/mocks/JiraAction.go:35.24,37.4 1 0
github.com/RandySteven/neo-postman/mocks/JiraAction.go:40.2,40.73 1 0
github.com/RandySteven/neo-postman/mocks/JiraAction.go:40.73,42.3 1 0
github.com/RandySteven/neo-postman/mocks/JiraAction.go:42.8,44.3 1 0
github.com/RandySteven/neo-postman/mocks/JiraAction.go:46.2,46.15 1 0
github.com/RandySteven/neo-postman/mocks/JiraAction.go:50.48,53.19 2 0
github.com/RandySteven/neo-postman/mocks/JiraAction.go:53.19,54.51 1 0
github.com/RandySteven/neo-postman/mocks/JiraAction.go:57.2,58.52 2 0
github.com/RandySteven/neo-postman/mocks/JiraAction.go:58.52,60.3 1 0
github.com/RandySteven/neo-postman/mocks/JiraAction.go:60.8,61.24 1 0
github.com/RandySteven/neo-postman/mocks/JiraAction.go:61.24,63.4 1 0
github.com/RandySteven/neo-postman/mocks/JiraAction.go:66.2,66.11 1 0
github.com/RandySteven/neo-postman/mocks/JiraAction.go:74.16,78.19 3 0
github.com/RandySteven/neo-postman/mocks/JiraAction.go:78.19,78.49 1 0
github.com/RandySteven/neo-postman/mocks/JiraAction.go:80.2,80.13 1 0
github.com/RandySteven/neo-postman/mocks/JiraActionContract.go:15.50,17.2 1 0
github.com/RandySteven/neo-postman/mocks/JiraActionContract.go:24.24,28.19 3 0
github.com/RandySteven/neo-postman/mocks/JiraActionContract.go:28.19,28.49 1 0
github.com/RandySteven/neo-postman/mocks/JiraActionContract.go:30.2,30.13 1 0
github.com/RandySteven/neo-postman/mocks/JiraIssueHandler.go:19.86,21.2 1 0
github.com/RandySteven/neo-postman/mocks/JiraIssueHandler.go:24.87,26.2 1 0
github.com/RandySteven/neo-postman/mocks/JiraIssueHandler.go:29.91,31.2 1 0
github.com/RandySteven/neo-postman/mocks/JiraIssueHandler.go:38.22,42.19 3 0
github.com/RandySteven/neo-postman/mocks/JiraIssueHandler.go:42.19,42.49 1 0
github.com/RandySteven/neo-postman/mocks/JiraIssueHandler.go:44.2,44.13 1 0
github.com/RandySteven/neo-postman/mocks/JiraIssueRepository.go:20.77,23.19 2 0
github.com/RandySteven/neo-postman/mocks/JiraIssueRepository.go:23.19,24.48 1 0
github.com/RandySteven/neo-postman/mocks/JiraIssueRepository.go:27.2,28.68 2 0
github.com/RandySteven/neo-postman/mocks/JiraIssueRepository.go:28.68,30.3 1 0
github.com/RandySteven/neo-postman/mocks/JiraIssueRepository.go:30.8,32.3 1 0
github.com/RandySteven/neo-postman/mocks/JiraIssueRepository.go:34.2,34.11 1 0
github.com/RandySteven/neo-postman/mocks/JiraIssueRepository.go:38.90,41.19 2 0
github.com/RandySteven/neo-postman/mocks/JiraIssueRepository.go:41.19,42.49 1 0
github.com/RandySteven/neo-postman/mocks/JiraIssueRepository.go:45.2,47.83 3 0
github.com/RandySteven/neo-postman/mocks/JiraIssueRepository.go:47.83,49.3 1 0
github.com/RandySteven/neo-postman/mocks/JiraIssueRepository.go:50.2,50.74 1 0
github.com/RandySteven/neo-postman/mocks/JiraIssueRepository.go:50.74,52.3 1 0
github.com/RandySteven/neo-postman/mocks/JiraIssueRepository.go:52.8,53.24 1 0
github.com/RandySteven/neo-postman/mocks/JiraIssueRepository.go:53.24,55.4 1 0
github.com/RandySteven/neo-postman/mocks/JiraIssueRepository.go:58.2,58.60 1 0
github.com/RandySteven/neo-postman/mocks/JiraIssueRepository.go:58.60,60.3 1 0
github.com/RandySteven/neo-postman/mocks/JiraIssueRepository.go:60.8,62.3 1 0
github.com/RandySteven/neo-postman/mocks/JiraIssueRepository.go:64.2,64.15 1 0
github.com/RandySteven/neo-postman/mocks/JiraIssueRepository.go:68.100,71.19 2 0
github.com/RandySteven/neo-postman/mocks/JiraIssueRepository.go:71.19,72.50 1 0
github.com/RandySteven/neo-postman/mocks/JiraIssueRepository.go:75.2,77.89 3 0
github.com/RandySteven/neo-postman/mocks/JiraIssueRepository.go:77.89,79.3 1 0
github.com/RandySteven/neo-postman/mocks/JiraIssueRepository.go:80.2,80.80 1 0
github.com/RandySteven/neo-postman/mocks/JiraIssueRepository.go:80.80,82.3 1 0
github.com/RandySteven/neo-postman/mocks/JiraIssueRepository.go:82.8,83.24 1 0
github.com/RandySteven/neo-postman/mocks/JiraIssueRepository.go:83.24,85.4 1 0
github.com/RandySteven/neo-postman/mocks/JiraIssueRepository.go:88.2,88.68 1 0
github.com/RandySteven/neo-postman/mocks/JiraIssueRepository.go:88.68,90.3 1 0
github.com/RandySteven/neo-postman/mocks/JiraIssueRepository.go:90.8,92.3 1 0
github.com/RandySteven/neo-postman/mocks/JiraIssueRepository.go:94.2,94.15 1 0
github.com/RandySteven/neo-postman/mocks/JiraIssueRepository.go:98.112,101.19 2 0
github.com/RandySteven/neo-postman/mocks/JiraIssueRepository.go:101.19,102.46 1 0
github.com/RandySteven/neo-postman/mocks/JiraIssueRepository.go:105.2,107.100 3 0
github.com/RandySteven/neo-postman/mocks/JiraIssueRepository.go:107.100,109.3 1 0
github.com/RandySteven/neo-postman/mocks/JiraIssueRepository.go:110.2,110.91 1 0
github.com/RandySteven/neo-postman/mocks/JiraIssueRepository.go:110.91,112.3 1 0
github.com/RandySteven/neo-postman/mocks/JiraIssueRepository.go:112.8,113.24 1 0
github.com/RandySteven/neo-postman/mocks/JiraIssueRepository.go:113.24,115.4 1 0
github.com/RandySteven/neo-postman/mocks/JiraIssueRepository.go:118.2,118.79 1 0
github.com/RandySteven/neo-postman/mocks/JiraIssueRepository.go:118.79,120.3 1 0
github.com/RandySteven/neo-postman/mocks/JiraIssueRepository.go:120.8,122.3 1 0
github.com/RandySteven/neo-postman/mocks/JiraIssueRepository.go:124.2,124.15 1 0
github.com/RandySteven/neo-postman/mocks/JiraIssueRepository.go:128.114,131.19 2 0
github.com/RandySteven/neo-postman/mocks/JiraIssueRepository.go:131.19,132.48 1 0
github.com/RandySteven/neo-postman/mocks/JiraIssueRepository.go:135.2,137.100 3 0
github.com/RandySteven/neo-postman/mocks/JiraIssueRepository.go:137.100,139.3 1 0
github.com/RandySteven/neo-postman/mocks/JiraIssueRepository.go:140.2,140.91 1 0
github.com/RandySteven/neo-postman/mocks/JiraIssueRepository.go:140.91,142.3 1 0
github.com/RandySteven/neo-postman/mocks/JiraIssueRepository.go:142.8,143.24 1 0
github.com/RandySteven/neo-postman/mocks/JiraIssueRepository.go:143.24,145.4 1 0
github.com/RandySteven/neo-postman/mocks/JiraIssueRepository.go:148.2,148.79 1 0
github.com/RandySteven/neo-postman/mocks/JiraIssueRepository.go:148.79,150.3 1 0
github.com/RandySteven/neo-postman/mocks/JiraIssueRepository.go:150.8,152.3 1 0
github.com/RandySteven/neo-postman/mocks/JiraIssueRepository.go:154.2,154.15 1 0
github.com/RandySteven/neo-postman/mocks/JiraIssueRepository.go:162.25,166.19 3 0
github.com/RandySteven/neo-postman/mocks/JiraIssueRepository.go:166.19,166.49 1 0
github.com/RandySteven/neo-postman/mocks/JiraIssueRepository.go:168.2,168.13 1 0
github.com/RandySteven/neo-postman/mocks/JiraIssueUseCase.go:25.169,28.19 2 0
github.com/RandySteven/neo-postman/mocks/JiraIssueUseCase.go:28.19,29.58 1 0
github.com/RandySteven/neo-postman/mocks/JiraIssueUseCase.go:32.2,34.148 3 0
github.com/RandySteven/neo-postman/mocks/JiraIssueUseCase.go:34.148,36.3 1 0
github.com/RandySteven/neo-postman/mocks/JiraIssueUseCase.go:37.2,37.123 1 0
github.com/RandySteven/neo-postman/mocks/JiraIssueUseCase.go:37.123,39.3 1 0
github.com/RandySteven/neo-postman/mocks/JiraIssueUseCase.go:39.8,40.24 1 0
github.com/RandySteven/neo-postman/mocks/JiraIssueUseCase.go:40.24,42.4 1 0
github.com/RandySteven/neo-postman/mocks/JiraIssueUseCase.go:45.2,45.110 1 0
github.com/RandySteven/neo-postman/mocks/JiraIssueUseCase.go:45.110,47.3 1 0
github.com/RandySteven/neo-postman/mocks/JiraIssueUseCase.go:47.8,48.24 1 0
github.com/RandySteven/neo-postman/mocks/JiraIssueUseCase.go:48.24,50.4 1 0
github.com/RandySteven/neo-postman/mocks/JiraIssueUseCase.go:53.2,53.15 1 0
github.com/RandySteven/neo-postman/mocks/JiraIssueUseCase.go:57.128,60.19 2 0
github.com/RandySteven/neo-postman/mocks/JiraIssueUseCase.go:60.19,61.59 1 0
github.com/RandySteven/neo-postman/mocks/JiraIssueUseCase.go:64.2,66.114 3 0
github.com/RandySteven/neo-postman/mocks/JiraIssueUseCase.go:66.114,68.3 1 0
github.com/RandySteven/neo-postman/mocks/JiraIssueUseCase.go:69.2,69.89 1 0
github.com/RandySteven/neo-postman/mocks/JiraIssueUseCase.go:69.89,71.3 1 0
github.com/RandySteven/neo-postman/mocks/JiraIssueUseCase.go:71.8,72.24 1 0
github.com/RandySteven/neo-postman/mocks/JiraIssueUseCase.go:72.24,74.4 1 0
github.com/RandySteven/neo-postman/mocks/JiraIssueUseCase.go:77.2,77.76 1 0
github.com/RandySteven/neo-postman/mocks/JiraIssueUseCase.go:77.76,79.3 1 0
github.com/RandySteven/neo-postman/mocks/JiraIssueUseCase.go:79.8,80.24 1 0
github.com/RandySteven/neo-postman/mocks/JiraIssueUseCase.go:80.24,82.4 1 0
github.com/RandySteven/neo-postman/mocks/JiraIssueUseCase.go:85.2,85.15 1 0
github.com/RandySteven/neo-postman/mocks/JiraIssueUseCase.go:93.22,97.19 3 0
github.com/RandySteven/neo-postman/mocks/JiraIssueUseCase.go:97.19,97.49 1 0
github.com/RandySteven/neo-postman/mocks/JiraIssueUseCase.go:99.2,99.13 1 0
github.com/RandySteven/neo-postman/mocks/Job.go:19.53,22.19 2 0
github.com/RandySteven/neo-postman/mocks/Job.go:22.19,23.51 1 0
github.com/RandySteven/neo-postman/mocks/Job.go:26.2,27.60 2 0
github.com/RandySteven/neo-postman/mocks/Job.go:27.60,29.3 1 0
github.com/RandySteven/neo-postman/mocks/Job.go:29.8,31.3 1 0
github.com/RandySteven/neo-postman/mocks/Job.go:33.2,33.11 1 0
github.com/RandySteven/neo-postman/mocks/Job.go:37.65,40.19 2 0
github.com/RandySteven/neo-postman/mocks/Job.go:40.19,41.63 1 0
github.com/RandySteven/neo-postman/mocks/Job.go:44.2,45.60 2 0
github.com/RandySteven/neo-postman/mocks/Job.go:45.60,47.3 1 0
github.com/RandySteven/neo-postman/mocks/Job.go:47.8,49.3 1 0
github.com/RandySteven/neo-postman/mocks/Job.go:51.2,51.11 1 0
github.com/RandySteven/neo-postman/mocks/Job.go:55.69,58.19 2 0
github.com/RandySteven/neo-postman/mocks/Job.go:58.19,59.67 1 0
github.com/RandySteven/neo-postman/mocks/Job.go:62.2,63.60 2 0
github.com/RandySteven/neo-postman/mocks/Job.go:63.60,65.3 1 0
github.com/RandySteven/neo-postman/mocks/Job.go:65.8,67.3 1 0
github.com/RandySteven/neo-postman/mocks/Job.go:69.2,69.11 1 0
github.com/RandySteven/neo-postman/mocks/Job.go:77.9,81.19 3 0
github.com/RandySteven/neo-postman/mocks/Job.go:81.19,81.49 1 0
github.com/RandySteven/neo-postman/mocks/Job.go:83.2,83.13 1 0
github.com/RandySteven/neo-postman/mocks/PostgresActionContract.go:19.28,23.19 3 0
github.com/RandySteven/neo-postman/mocks/PostgresActionContract.go:23.19,23.49 1 0
github.com/RandySteven/neo-postman/mocks/PostgresActionContract.go:25.2,25.13 1 0
github.com/RandySteven/neo-postman/mocks/RedisActionContract.go:15.55,18.19 2 0
github.com/RandySteven/neo-postman/mocks/RedisActionContract.go:18.19,19.56 1 0
github.com/RandySteven/neo-postman/mocks/RedisActionContract.go:22.2,23.45 2 0
github.com/RandySteven/neo-postman/mocks/RedisActionContract.go:23.45,25.3 1 0
github.com/RandySteven/neo-postman/mocks/RedisActionContract.go:25.8,27.3 1 0
github.com/RandySteven/neo-postman/mocks/RedisActionContract.go:29.2,29.11 1 0
github.com/RandySteven/neo-postman/mocks/RedisActionContract.go:37.25,41.19 3 0
github.com/RandySteven/neo-postman/mocks/RedisActionContract.go:41.19,41.49 1 0
github.com/RandySteven/neo-postman/mocks/RedisActionContract.go:43.2,43.13 1 0
github.com/RandySteven/neo-postman/mocks/Repositories.go:19.73,22.19 2 0
github.com/RandySteven/neo-postman/mocks/Repositories.go:22.19,23.48 1 0
github.com/RandySteven/neo-postman/mocks/Repositories.go:26.2,27.68 2 0
github.com/RandySteven/neo-postman/mocks/Repositories.go:27.68,29.3 1 0
github.com/RandySteven/neo-postman/mocks/Repositories.go:29.8,31.3 1 0
github.com/RandySteven/neo-postman/mocks/Repositories.go:33.2,33.11 1 0
github.com/RandySteven/neo-postman/mocks/Repositories.go:37.71,40.19 2 0
github.com/RandySteven/neo-postman/mocks/Repositories.go:40.19,41.49 1 0
github.com/RandySteven/neo-postman/mocks/Repositories.go:44.2,46.68 3 0
github.com/RandySteven/neo-postman/mocks/Repositories.go:46.68,48.3 1 0
github.com/RandySteven/neo-postman/mocks/Repositories.go:49.2,49.59 1 0
github.com/RandySteven/neo-postman/mocks/Repositories.go:49.59,51.3 1 0
github.com/RandySteven/neo-postman/mocks/Repositories.go:51.8,52.24 1 0
github.com/RandySteven/neo-postman/mocks/Repositories.go:52.24,54.4 1 0
github.com/RandySteven/neo-postman/mocks/Repositories.go:57.2,57.60 1 0
github.com/RandySteven/neo-postman/mocks/Repositories.go:57.60,59.3 1 0
github.com/RandySteven/neo-postman/mocks/Repositories.go:59.8,61.3 1 0
github.com/RandySteven/neo-postman/mocks/Repositories.go:63.2,63.15 1 0
github.com/RandySteven/neo-postman/mocks/Repositories.go:67.81,70.19 2 0
github.com/RandySteven/neo-postman/mocks/Repositories.go:70.19,71.50 1 0
github.com/RandySteven/neo-postman/mocks/Repositories.go:74.2,76.74 3 0
github.com/RandySteven/neo-postman/mocks/Repositories.go:76.74,78.3 1 0
github.com/RandySteven/neo-postman/mocks/Repositories.go:79.2,79.65 1 0
github.com/RandySteven/neo-postman/mocks/Repositories.go:79.65,81.3 1 0
github.com/RandySteven/neo-postman/mocks/Repositories.go:81.8,82.24 1 0
github.com/RandySteven/neo-postman/mocks/Repositories.go:82.24,84.4 1 0
github.com/RandySteven/neo-postman/mocks/Repositories.go:87.2,87.68 1 0
github.com/RandySteven/neo-postman/mocks/Repositories.go:87.68,89.3 1 0
github.com/RandySteven/neo-postman/mocks/Repositories.go:89.8,91.3 1 0
github.com/RandySteven/neo-postman/mocks/Repositories.go:93.2,93.15 1 0
github.com/RandySteven/neo-postman/mocks/Repositories.go:97.78,100.19 2 0
github.com/RandySteven/neo-postman/mocks/Repositories.go:100.19,101.46 1 0
github.com/RandySteven/neo-postman/mocks/Repositories.go:104.2,106.70 3 0
github.com/RandySteven/neo-postman/mocks/Repositories.go:106.70,108.3 1 0
github.com/RandySteven/neo-postman/mocks/Repositories.go:109.2,109.61 1 0
github.com/RandySteven/neo-postman/mocks/Repositories.go:109.61,111.3 1 0
github.com/RandySteven/neo-postman/mocks/Repositories.go:111.8,112.24 1 0
github.com/RandySteven/neo-postman/mocks/Repositories.go:112.24,114.4 1 0
github.com/RandySteven/neo-postman/mocks/Repositories.go:117.2,117.64 1 0
github.com/RandySteven/neo-postman/mocks/Repositories.go:117.64,119.3 1 0
github.com/RandySteven/neo-postman/mocks/Repositories.go:119.8,121.3 1 0
github.com/RandySteven/neo-postman/mocks/Repositories.go:123.2,123.15 1 0
github.com/RandySteven/neo-postman/mocks/Repositories.go:127.80,130.19 2 0
github.com/RandySteven/neo-postman/mocks/Repositories.go:130.19,131.48 1 0
github.com/RandySteven/neo-postman/mocks/Repositories.go:134.2,136.70 3 0
github.com/RandySteven/neo-postman/mocks/Repositories.go:136.70,138.3 1 0
github.com/RandySteven/neo-postman/mocks/Repositories.go:139.2,139.61 1 0
github.com/RandySteven/neo-postman/mocks/Repositories.go:139.61,141.3 1 0
github.com/RandySteven/neo-postman/mocks/Repositories.go:141.8,142.24 1 0
github.com/RandySteven/neo-postman/mocks/Repositories.go:142.24,144.4 1 0
github.com/RandySteven/neo-postman/mocks/Repositories.go:147.2,147.64 1 0
github.com/RandySteven/neo-postman/mocks/Repositories.go:147.64,149.3 1 0
github.com/RandySteven/neo-postman/mocks/Repositories.go:149.8,151.3 1 0
github.com/RandySteven/neo-postman/mocks/Repositories.go:153.2,153.15 1 0
github.com/RandySteven/neo-postman/mocks/Repositories.go:161.21,165.19 3 0
github.com/RandySteven/neo-postman/mocks/Repositories.go:165.19,165.49 1 0
github.com/RandySteven/neo-postman/mocks/Repositories.go:167.2,167.13 1 0
github.com/RandySteven/neo-postman/mocks/String.go:15.37,18.19 2 0
github.com/RandySteven/neo-postman/mocks/String.go:18.19,19.50 1 0
github.com/RandySteven/neo-postman/mocks/String.go:22.2,23.46 2 0
github.com/RandySteven/neo-postman/mocks/String.go:23.46,25.3 1 0
github.com/RandySteven/neo-postman/mocks/String.go:25.8,27.3 1 0
github.com/RandySteven/neo-postman/mocks/String.go:29.2,29.11 1 0
github.com/RandySteven/neo-postman/mocks/String.go:37.12,41.19 3 0
github.com/RandySteven/neo-postman/mocks/String.go:41.19,41.49 1 0
github.com/RandySteven/neo-postman/mocks/String.go:43.2,43.13 1 0
github.com/RandySteven/neo-postman/mocks/TestDataHandler.go:19.82,21.2 1 0
github.com/RandySteven/neo-postman/mocks/TestDataHandler.go:24.82,26.2 1 0
github.com/RandySteven/neo-postman/mocks/TestDataHandler.go:29.84,31.2 1 0
github.com/RandySteven/neo-postman/mocks/TestDataHandler.go:34.79,36.2 1 0
github.com/RandySteven/neo-postman/mocks/TestDataHandler.go:39.82,41.2 1 0
github.com/RandySteven/neo-postman/mocks/TestDataHandler.go:48.21,52.19 3 0
github.com/RandySteven/neo-postman/mocks/TestDataHandler.go:52.19,52.49 1 0
github.com/RandySteven/neo-postman/mocks/TestDataHandler.go:54.2,54.13 1 0
github.com/RandySteven/neo-postman/mocks/TestDataRepository.go:20.76,23.19 2 0
github.com/RandySteven/neo-postman/mocks/TestDataRepository.go:23.19,24.48 1 0
github.com/RandySteven/neo-postman/mocks/TestDataRepository.go:27.2,28.68 2 0
github.com/RandySteven/neo-postman/mocks/TestDataRepository.go:28.68,30.3 1 0
github.com/RandySteven/neo-postman/mocks/TestDataRepository.go:30.8,32.3 1 0
github.com/RandySteven/neo-postman/mocks/TestDataRepository.go:34.2,34.11 1 0
github.com/RandySteven/neo-postman/mocks/TestDataRepository.go:38.81,41.19 2 0
github.com/RandySteven/neo-postman/mocks/TestDataRepository.go:41.19,42.64 1 0
github.com/RandySteven/neo-postman/mocks/TestDataRepository.go:45.2,46.60 2 0
github.com/RandySteven/neo-postman/mocks/TestDataRepository.go:46.60,48.3 1 0
github.com/RandySteven/neo-postman/mocks/TestDataRepository.go:48.8,50.3 1 0
github.com/RandySteven/neo-postman/mocks/TestDataRepository.go:52.2,52.11 1 0
github.com/RandySteven/neo-postman/mocks/TestDataRepository.go:56.88,59.19 2 0
github.com/RandySteven/neo-postman/mocks/TestDataRepository.go:59.19,60.49 1 0
github.com/RandySteven/neo-postman/mocks/TestDataRepository.go:63.2,65.82 3 0
github.com/RandySteven/neo-postman/mocks/TestDataRepository.go:65.82,67.3 1 0
github.com/RandySteven/neo-postman/mocks/TestDataRepository.go:68.2,68.73 1 0
github.com/RandySteven/neo-postman/mocks/TestDataRepository.go:68.73,70.3 1 0
github.com/RandySteven/neo-postman/mocks/TestDataRepository.go:70.8,71.24 1 0
github.com/RandySteven/neo-postman/mocks/TestDataRepository.go:71.24,73.4 1 0
github.com/RandySteven/neo-postman/mocks/TestDataRepository.go:76.2,76.60 1 0
github.com/RandySteven/neo-postman/mocks/TestDataRepository.go:76.60,78.3 1 0
github.com/RandySteven/neo-postman/mocks/TestDataRepository.go:78.8,80.3 1 0
github.com/RandySteven/neo-postman/mocks/TestDataRepository.go:82.2,82.15 1 0
github.com/RandySteven/neo-postman/mocks/TestDataRepository.go:86.98,89.19 2 0
github.com/RandySteven/neo-postman/mocks/TestDataRepository.go:89.19,90.50 1 0
github.com/RandySteven/neo-postman/mocks/TestDataRepository.go:93.2,95.88 3 0
github.com/RandySteven/neo-postman/mocks/TestDataRepository.go:95.88,97.3 1 0
github.com/RandySteven/neo-postman/mocks/TestDataRepository.go:98.2,98.79 1 0
github.com/RandySteven/neo-postman/mocks/TestDataRepository.go:98.79,100.3 1 0
github.com/RandySteven/neo-postman/mocks/TestDataRepository.go:100.8,101.24 1 0
github.com/RandySteven/neo-postman/mocks/TestDataRepository.go:101.24,103.4 1 0
github.com/RandySteven/neo-postman/mocks/TestDataRepository.go:106.2,106.68 1 0
github.com/RandySteven/neo-postman/mocks/TestDataRepository.go:106.68,108.3 1 0
github.com/RandySteven/neo-postman/mocks/TestDataRepository.go:108.8,110.3 1 0
github.com/RandySteven/neo-postman/mocks/TestDataRepository.go:112.2,112.15 1 0
github.com/RandySteven/neo-postman/mocks/TestDataRepository.go:116.109,119.19 2 0
github.com/RandySteven/neo-postman/mocks/TestDataRepository.go:119.19,120.46 1 0
github.com/RandySteven/neo-postman/mocks/TestDataRepository.go:123.2,125.98 3 0
github.com/RandySteven/neo-postman/mocks/TestDataRepository.go:125.98,127.3 1 0
github.com/RandySteven/neo-postman/mocks/TestDataRepository.go:128.2,128.89 1 0
github.com/RandySteven/neo-postman/mocks/TestDataRepository.go:128.89,130.3 1 0
github.com/RandySteven/neo-postman/mocks/TestDataRepository.go:130.8,131.24 1 0
github.com/RandySteven/neo-postman/mocks/TestDataRepository.go:131.24,133.4 1 0
github.com/RandySteven/neo-postman/mocks/TestDataRepository.go:136.2,136.78 1 0
github.com/RandySteven/neo-postman/mocks/TestDataRepository.go:136.78,138.3 1 0
github.com/RandySteven/neo-postman/mocks/TestDataRepository.go:138.8,140.3 1 0
github.com/RandySteven/neo-postman/mocks/TestDataRepository.go:142.2,142.15 1 0
github.com/RandySteven/neo-postman/mocks/TestDataRepository.go:146.111,149.19 2 0
github.com/RandySteven/neo-postman/mocks/TestDataRepository.go:149.19,150.48 1 0
github.com/RandySteven/neo-postman/mocks/TestDataRepository.go:153.2,155.98 3 0
github.com/RandySteven/neo-postman/mocks/TestDataRepository.go:155.98,157.3 1 0
github.com/RandySteven/neo-postman/mocks/TestDataRepository.go:158.2,158.89 1 0
github.com/RandySteven/neo-postman/mocks/TestDataRepository.go:158.89,160.3 1 0
github.com/RandySteven/neo-postman/mocks/TestDataRepository.go:160.8,161.24 1 0
github.com/RandySteven/neo-postman/mocks/TestDataRepository.go:161.24,163.4 1 0
github.com/RandySteven/neo-postman/mocks/TestDataRepository.go:166.2,166.78 1 0
github.com/RandySteven/neo-postman/mocks/TestDataRepository.go:166.78,168.3 1 0
github.com/RandySteven/neo-postman/mocks/TestDataRepository.go:168.8,170.3 1 0
github.com/RandySteven/neo-postman/mocks/TestDataRepository.go:172.2,172.15 1 0
github.com/RandySteven/neo-postman/mocks/TestDataRepository.go:180.24,184.19 3 0
github.com/RandySteven/neo-postman/mocks/TestDataRepository.go:184.19,184.49 1 0
github.com/RandySteven/neo-postman/mocks/TestDataRepository.go:186.2,186.13 1 0
github.com/RandySteven/neo-postman/mocks/TestDataScheduler.go:19.83,22.19 2 0
github.com/RandySteven/neo-postman/mocks/TestDataScheduler.go:22.19,23.67 1 0
github.com/RandySteven/neo-postman/mocks/TestDataScheduler.go:26.2,27.60 2 0
github.com/RandySteven/neo-postman/mocks/TestDataScheduler.go:27.60,29.3 1 0
github.com/RandySteven/neo-postman/mocks/TestDataScheduler.go:29.8,31.3 1 0
github.com/RandySteven/neo-postman/mocks/TestDataScheduler.go:33.2,33.11 1 0
github.com/RandySteven/neo-postman/mocks/TestDataScheduler.go:41.23,45.19 3 0
github.com/RandySteven/neo-postman/mocks/TestDataScheduler.go:45.19,45.49 1 0
github.com/RandySteven/neo-postman/mocks/TestDataScheduler.go:47.2,47.13 1 0
github.com/RandySteven/neo-postman/mocks/TestDataUsecase.go:25.79,28.19 2 0
github.com/RandySteven/neo-postman/mocks/TestDataUsecase.go:28.19,29.65 1 0
github.com/RandySteven/neo-postman/mocks/TestDataUsecase.go:32.2,33.60 2 0
github.com/RandySteven/neo-postman/mocks/TestDataUsecase.go:33.60,35.3 1 0
github.com/RandySteven/neo-postman/mocks/TestDataUsecase.go:35.8,37.3 1 0
github.com/RandySteven/neo-postman/mocks/TestDataUsecase.go:39.2,39.11 1 0
github.com/RandySteven/neo-postman/mocks/TestDataUsecase.go:43.151,46.19 2 0
github.com/RandySteven/neo-postman/mocks/TestDataUsecase.go:46.19,47.55 1 0
github.com/RandySteven/neo-postman/mocks/TestDataUsecase.go:50.2,52.134 3 0
github.com/RandySteven/neo-postman/mocks/TestDataUsecase.go:52.134,54.3 1 0
github.com/RandySteven/neo-postman/mocks/TestDataUsecase.go:55.2,55.109 1 0
github.com/RandySteven/neo-postman/mocks/TestDataUsecase.go:55.109,57.3 1 0
github.com/RandySteven/neo-postman/mocks/TestDataUsecase.go:57.8,58.24 1 0
github.com/RandySteven/neo-postman/mocks/TestDataUsecase.go:58.24,60.4 1 0
github.com/RandySteven/neo-postman/mocks/TestDataUsecase.go:63.2,63.103 1 0
github.com/RandySteven/neo-postman/mocks/TestDataUsecase.go:63.103,65.3 1 0
github.com/RandySteven/neo-postman/mocks/TestDataUsecase.go:65.8,66.24 1 0
github.com/RandySteven/neo-postman/mocks/TestDataUsecase.go:66.24,68.4 1 0
github.com/RandySteven/neo-postman/mocks/TestDataUsecase.go:71.2,71.15 1 0
github.com/RandySteven/neo-postman/mocks/TestDataUsecase.go:75.116,78.19 2 0
github.com/RandySteven/neo-postman/mocks/TestDataUsecase.go:78.19,79.55 1 0
github.com/RandySteven/neo-postman/mocks/TestDataUsecase.go:82.2,84.107 3 0
github.com/RandySteven/neo-postman/mocks/TestDataUsecase.go:84.107,86.3 1 0
github.com/RandySteven/neo-postman/mocks/TestDataUsecase.go:87.2,87.82 1 0
github.com/RandySteven/neo-postman/mocks/TestDataUsecase.go:87.82,89.3 1 0
github.com/RandySteven/neo-postman/mocks/TestDataUsecase.go:89.8,90.24 1 0
github.com/RandySteven/neo-postman/mocks/TestDataUsecase.go:90.24,92.4 1 0
github.com/RandySteven/neo-postman/mocks/TestDataUsecase.go:95.2,95.76 1 0
github.com/RandySteven/neo-postman/mocks/TestDataUsecase.go:95.76,97.3 1 0
github.com/RandySteven/neo-postman/mocks/TestDataUsecase.go:97.8,98.24 1 0
github.com/RandySteven/neo-postman/mocks/TestDataUsecase.go:98.24,100.4 1 0
github.com/RandySteven/neo-postman/mocks/TestDataUsecase.go:103.2,103.15 1 0
github.com/RandySteven/neo-postman/mocks/TestDataUsecase.go:107.121,110.19 2 0
github.com/RandySteven/neo-postman/mocks/TestDataUsecase.go:110.19,111.51 1 0
github.com/RandySteven/neo-postman/mocks/TestDataUsecase.go:114.2,116.113 3 0
github.com/RandySteven/neo-postman/mocks/TestDataUsecase.go:116.113,118.3 1 0
github.com/RandySteven/neo-postman/mocks/TestDataUsecase.go:119.2,119.88 1 0
github.com/RandySteven/neo-postman/mocks/TestDataUsecase.go:119.88,121.3 1 0
github.com/RandySteven/neo-postman/mocks/TestDataUsecase.go:121.8,122.24 1 0
github.com/RandySteven/neo-postman/mocks/TestDataUsecase.go:122.24,124.4 1 0
github.com/RandySteven/neo-postman/mocks/TestDataUsecase.go:127.2,127.84 1 0
github.com/RandySteven/neo-postman/mocks/TestDataUsecase.go:127.84,129.3 1 0
github.com/RandySteven/neo-postman/mocks/TestDataUsecase.go:129.8,130.24 1 0
github.com/RandySteven/neo-postman/mocks/TestDataUsecase.go:130.24,132.4 1 0
github.com/RandySteven/neo-postman/mocks/TestDataUsecase.go:135.2,135.15 1 0
github.com/RandySteven/neo-postman/mocks/TestDataUsecase.go:139.103,142.19 2 0
github.com/RandySteven/neo-postman/mocks/TestDataUsecase.go:142.19,143.52 1 0
github.com/RandySteven/neo-postman/mocks/TestDataUsecase.go:146.2,148.94 3 0
github.com/RandySteven/neo-postman/mocks/TestDataUsecase.go:148.94,150.3 1 0
github.com/RandySteven/neo-postman/mocks/TestDataUsecase.go:151.2,151.69 1 0
github.com/RandySteven/neo-postman/mocks/TestDataUsecase.go:151.69,153.3 1 0
github.com/RandySteven/neo-postman/mocks/TestDataUsecase.go:153.8,155.3 1 0
github.com/RandySteven/neo-postman/mocks/TestDataUsecase.go:157.2,157.84 1 0
github.com/RandySteven/neo-postman/mocks/TestDataUsecase.go:157.84,159.3 1 0
github.com/RandySteven/neo-postman/mocks/TestDataUsecase.go:159.8,160.24 1 0
github.com/RandySteven/neo-postman/mocks/TestDataUsecase.go:160.24,162.4 1 0
github.com/RandySteven/neo-postman/mocks/TestDataUsecase.go:165.2,165.15 1 0
github.com/RandySteven/neo-postman/mocks/TestDataUsecase.go:169.106,172.19 2 0
github.com/RandySteven/neo-postman/mocks/TestDataUsecase.go:172.19,173.55 1 0
github.com/RandySteven/neo-postman/mocks/TestDataUsecase.go:176.2,178.94 3 0
github.com/RandySteven/neo-postman/mocks/TestDataUsecase.go:178.94,180.3 1 0
github.com/RandySteven/neo-postman/mocks/TestDataUsecase.go:181.2,181.69 1 0
github.com/RandySteven/neo-postman/mocks/TestDataUsecase.go:181.69,183.3 1 0
github.com/RandySteven/neo-postman/mocks/TestDataUsecase.go:183.8,185.3 1 0
github.com/RandySteven/neo-postman/mocks/TestDataUsecase.go:187.2,187.84 1 0
github.com/RandySteven/neo-postman/mocks/TestDataUsecase.go:187.84,189.3 1 0
github.com/RandySteven/neo-postman/mocks/TestDataUsecase.go:189.8,190.24 1 0
github.com/RandySteven/neo-postman/mocks/TestDataUsecase.go:190.24,192.4 1 0
github.com/RandySteven/neo-postman/mocks/TestDataUsecase.go:195.2,195.15 1 0
github.com/RandySteven/neo-postman/mocks/TestDataUsecase.go:203.21,207.19 3 0
github.com/RandySteven/neo-postman/mocks/TestDataUsecase.go:207.19,207.49 1 0
github.com/RandySteven/neo-postman/mocks/TestDataUsecase.go:209.2,209.13 1 0
github.com/RandySteven/neo-postman/mocks/TestRecordHandler.go:19.87,21.2 1 0
github.com/RandySteven/neo-postman/mocks/TestRecordHandler.go:24.88,26.2 1 0
github.com/RandySteven/neo-postman/mocks/TestRecordHandler.go:29.90,31.2 1 0
github.com/RandySteven/neo-postman/mocks/TestRecordHandler.go:38.23,42.19 3 0
github.com/RandySteven/neo-postman/mocks/TestRecordHandler.go:42.19,42.49 1 0
github.com/RandySteven/neo-postman/mocks/TestRecordHandler.go:44.2,44.13 1 0
github.com/RandySteven/neo-postman/mocks/TestRecordRepository.go:20.78,23.19 2 0
github.com/RandySteven/neo-postman/mocks/TestRecordRepository.go:23.19,24.48 1 0
github.com/RandySteven/neo-postman/mocks/TestRecordRepository.go:27.2,28.68 2 0
github.com/RandySteven/neo-postman/mocks/TestRecordRepository.go:28.68,30.3 1 0
github.com/RandySteven/neo-postman/mocks/TestRecordRepository.go:30.8,32.3 1 0
github.com/RandySteven/neo-postman/mocks/TestRecordRepository.go:34.2,34.11 1 0
github.com/RandySteven/neo-postman/mocks/TestRecordRepository.go:38.92,41.19 2 0
github.com/RandySteven/neo-postman/mocks/TestRecordRepository.go:41.19,42.49 1 0
github.com/RandySteven/neo-postman/mocks/TestRecordRepository.go:45.2,47.84 3 0
github.com/RandySteven/neo-postman/mocks/TestRecordRepository.go:47.84,49.3 1 0
github.com/RandySteven/neo-postman/mocks/TestRecordRepository.go:50.2,50.75 1 0
github.com/RandySteven/neo-postman/mocks/TestRecordRepository.go:50.75,52.3 1 0
github.com/RandySteven/neo-postman/mocks/TestRecordRepository.go:52.8,53.24 1 0
github.com/RandySteven/neo-postman/mocks/TestRecordRepository.go:53.24,55.4 1 0
github.com/RandySteven/neo-postman/mocks/TestRecordRepository.go:58.2,58.60 1 0
github.com/RandySteven/neo-postman/mocks/TestRecordRepository.go:58.60,60.3 1 0
github.com/RandySteven/neo-postman/mocks/TestRecordRepository.go:60.8,62.3 1 0
github.com/RandySteven/neo-postman/mocks/TestRecordRepository.go:64.2,64.15 1 0
github.com/RandySteven/neo-postman/mocks/TestRecordRepository.go:68.102,71.19 2 0
github.com/RandySteven/neo-postman/mocks/TestRecordRepository.go:71.19,72.50 1 0
github.com/RandySteven/neo-postman/mocks/TestRecordRepository.go:75.2,77.90 3 0
github.com/RandySteven/neo-postman/mocks/TestRecordRepository.go:77.90,79.3 1 0
github.com/RandySteven/neo-postman/mocks/TestRecordRepository.go:80.2,80.81 1 0
github.com/RandySteven/neo-postman/mocks/TestRecordRepository.go:80.81,82.3 1 0
github.com/RandySteven/neo-postman/mocks/TestRecordRepository.go:82.8,83.24 1 0
github.com/RandySteven/neo-postman/mocks/TestRecordRepository.go:83.24,85.4 1 0
github.com/RandySteven/neo-postman/mocks/TestRecordRepository.go:88.2,88.68 1 0
github.com/RandySteven/neo-postman/mocks/TestRecordRepository.go:88.68,90.3 1 0
github.com/RandySteven/neo-postman/mocks/TestRecordRepository.go:90.8,92.3 1 0
github.com/RandySteven/neo-postman/mocks/TestRecordRepository.go:94.2,94.15 1 0
github.com/RandySteven/neo-postman/mocks/TestRecordRepository.go:98.115,101.19 2 0
github.com/RandySteven/neo-postman/mocks/TestRecordRepository.go:101.19,102.46 1 0
github.com/RandySteven/neo-postman/mocks/TestRecordRepository.go:105.2,107.102 3 0
github.com/RandySteven/neo-postman/mocks/TestRecordRepository.go:107.102,109.3 1 0
github.com/RandySteven/neo-postman/mocks/TestRecordRepository.go:110.2,110.93 1 0
github.com/RandySteven/neo-postman/mocks/TestRecordRepository.go:110.93,112.3 1 0
github.com/RandySteven/neo-postman/mocks/TestRecordRepository.go:112.8,113.24 1 0
github.com/RandySteven/neo-postman/mocks/TestRecordRepository.go:113.24,115.4 1 0
github.com/RandySteven/neo-postman/mocks/TestRecordRepository.go:118.2,118.80 1 0
github.com/RandySteven/neo-postman/mocks/TestRecordRepository.go:118.80,120.3 1 0
github.com/RandySteven/neo-postman/mocks/TestRecordRepository.go:120.8,122.3 1 0
github.com/RandySteven/neo-postman/mocks/TestRecordRepository.go:124.2,124.15 1 0
github.com/RandySteven/neo-postman/mocks/TestRecordRepository.go:128.78,131.19 2 0
github.com/RandySteven/neo-postman/mocks/TestRecordRepository.go:131.19,132.59 1 0
github.com/RandySteven/neo-postman/mocks/TestRecordRepository.go:135.2,136.60 2 0
github.com/RandySteven/neo-postman/mocks/TestRecordRepository.go:136.60,138.3 1 0
github.com/RandySteven/neo-postman/mocks/TestRecordRepository.go:138.8,140.3 1 0
github.com/RandySteven/neo-postman/mocks/TestRecordRepository.go:142.2,142.11 1 0
github.com/RandySteven/neo-postman/mocks/TestRecordRepository.go:146.117,149.19 2 0
github.com/RandySteven/neo-postman/mocks/TestRecordRepository.go:149.19,150.48 1 0
github.com/RandySteven/neo-postman/mocks/TestRecordRepository.go:153.2,155.102 3 0
github.com/RandySteven/neo-postman/mocks/TestRecordRepository.go:155.102,157.3 1 0
github.com/RandySteven/neo-postman/mocks/TestRecordRepository.go:158.2,158.93 1 0
github.com/RandySteven/neo-postman/mocks/TestRecordRepository.go:158.93,160.3 1 0
github.com/RandySteven/neo-postman/mocks/TestRecordRepository.go:160.8,161.24 1 0
github.com/RandySteven/neo-postman/mocks/TestRecordRepository.go:161.24,163.4 1 0
github.com/RandySteven/neo-postman/mocks/TestRecordRepository.go:166.2,166.80 1 0
github.com/RandySteven/neo-postman/mocks/TestRecordRepository.go:166.80,168.3 1 0
github.com/RandySteven/neo-postman/mocks/TestRecordRepository.go:168.8,170.3 1 0
github.com/RandySteven/neo-postman/mocks/TestRecordRepository.go:172.2,172.15 1 0
github.com/RandySteven/neo-postman/mocks/TestRecordRepository.go:180.26,184.19 3 0
github.com/RandySteven/neo-postman/mocks/TestRecordRepository.go:184.19,184.49 1 0
github.com/RandySteven/neo-postman/mocks/TestRecordRepository.go:186.2,186.13 1 0
github.com/RandySteven/neo-postman/mocks/TestRecordScheduler.go:19.79,22.19 2 0
github.com/RandySteven/neo-postman/mocks/TestRecordScheduler.go:22.19,23.61 1 0
github.com/RandySteven/neo-postman/mocks/TestRecordScheduler.go:26.2,27.60 2 0
github.com/RandySteven/neo-postman/mocks/TestRecordScheduler.go:27.60,29.3 1 0
github.com/RandySteven/neo-postman/mocks/TestRecordScheduler.go:29.8,31.3 1 0
github.com/RandySteven/neo-postman/mocks/TestRecordScheduler.go:33.2,33.11 1 0
github.com/RandySteven/neo-postman/mocks/TestRecordScheduler.go:41.25,45.19 3 0
github.com/RandySteven/neo-postman/mocks/TestRecordScheduler.go:45.19,45.49 1 0
github.com/RandySteven/neo-postman/mocks/TestRecordScheduler.go:47.2,47.13 1 0
github.com/RandySteven/neo-postman/mocks/TestRecordUseCase.go:25.76,28.19 2 0
github.com/RandySteven/neo-postman/mocks/TestRecordUseCase.go:28.19,29.60 1 0
github.com/RandySteven/neo-postman/mocks/TestRecordUseCase.go:32.2,33.60 2 0
github.com/RandySteven/neo-postman/mocks/TestRecordUseCase.go:33.60,35.3 1 0
github.com/RandySteven/neo-postman/mocks/TestRecordUseCase.go:35.8,37.3 1 0
github.com/RandySteven/neo-postman/mocks/TestRecordUseCase.go:39.2,39.11 1 0
github.com/RandySteven/neo-postman/mocks/TestRecordUseCase.go:43.166,46.19 2 0
github.com/RandySteven/neo-postman/mocks/TestRecordUseCase.go:46.19,47.58 1 0
github.com/RandySteven/neo-postman/mocks/TestRecordUseCase.go:50.2,52.144 3 0
github.com/RandySteven/neo-postman/mocks/TestRecordUseCase.go:52.144,54.3 1 0
github.com/RandySteven/neo-postman/mocks/TestRecordUseCase.go:55.2,55.119 1 0
github.com/RandySteven/neo-postman/mocks/TestRecordUseCase.go:55.119,57.3 1 0
github.com/RandySteven/neo-postman/mocks/TestRecordUseCase.go:57.8,58.24 1 0
github.com/RandySteven/neo-postman/mocks/TestRecordUseCase.go:58.24,60.4 1 0
github.com/RandySteven/neo-postman/mocks/TestRecordUseCase.go:63.2,63.105 1 0
github.com/RandySteven/neo-postman/mocks/TestRecordUseCase.go:63.105,65.3 1 0
github.com/RandySteven/neo-postman/mocks/TestRecordUseCase.go:65.8,66.24 1 0
github.com/RandySteven/neo-postman/mocks/TestRecordUseCase.go:66.24,68.4 1 0
github.com/RandySteven/neo-postman/mocks/TestRecordUseCase.go:71.2,71.15 1 0
github.com/RandySteven/neo-postman/mocks/TestRecordUseCase.go:75.130,78.19 2 0
github.com/RandySteven/neo-postman/mocks/TestRecordUseCase.go:78.19,79.59 1 0
github.com/RandySteven/neo-postman/mocks/TestRecordUseCase.go:82.2,84.115 3 0
github.com/RandySteven/neo-postman/mocks/TestRecordUseCase.go:84.115,86.3 1 0
github.com/RandySteven/neo-postman/mocks/TestRecordUseCase.go:87.2,87.90 1 0
github.com/RandySteven/neo-postman/mocks/TestRecordUseCase.go:87.90,89.3 1 0
github.com/RandySteven/neo-postman/mocks/TestRecordUseCase.go:89.8,90.24 1 0
github.com/RandySteven/neo-postman/mocks/TestRecordUseCase.go:90.24,92.4 1 0
github.com/RandySteven/neo-postman/mocks/TestRecordUseCase.go:95.2,95.76 1 0
github.com/RandySteven/neo-postman/mocks/TestRecordUseCase.go:95.76,97.3 1 0
github.com/RandySteven/neo-postman/mocks/TestRecordUseCase.go:97.8,98.24 1 0
github.com/RandySteven/neo-postman/mocks/TestRecordUseCase.go:98.24,100.4 1 0
github.com/RandySteven/neo-postman/mocks/TestRecordUseCase.go:103.2,103.15 1 0
github.com/RandySteven/neo-postman/mocks/TestRecordUseCase.go:107.143,110.19 2 0
github.com/RandySteven/neo-postman/mocks/TestRecordUseCase.go:110.19,111.61 1 0
github.com/RandySteven/neo-postman/mocks/TestRecordUseCase.go:114.2,116.123 3 0
github.com/RandySteven/neo-postman/mocks/TestRecordUseCase.go:116.123,118.3 1 0
github.com/RandySteven/neo-postman/mocks/TestRecordUseCase.go:119.2,119.98 1 0
github.com/RandySteven/neo-postman/mocks/TestRecordUseCase.go:119.98,121.3 1 0
github.com/RandySteven/neo-postman/mocks/TestRecordUseCase.go:121.8,122.24 1 0
github.com/RandySteven/neo-postman/mocks/TestRecordUseCase.go:122.24,124.4 1 0
github.com/RandySteven/neo-postman/mocks/TestRecordUseCase.go:127.2,127.84 1 0
github.com/RandySteven/neo-postman/mocks/TestRecordUseCase.go:127.84,129.3 1 0
github.com/RandySteven/neo-postman/mocks/TestRecordUseCase.go:129.8,130.24 1 0
github.com/RandySteven/neo-postman/mocks/TestRecordUseCase.go:130.24,132.4 1 0
github.com/RandySteven/neo-postman/mocks/TestRecordUseCase.go:135.2,135.15 1 0
github.com/RandySteven/neo-postman/mocks/TestRecordUseCase.go:143.23,147.19 3 0
github.com/RandySteven/neo-postman/mocks/TestRecordUseCase.go:147.19,147.49 1 0
github.com/RandySteven/neo-postman/mocks/TestRecordUseCase.go:149.2,149.13 1 0
github.com/RandySteven/neo-postman/mocks/YAMLActionContract.go:15.58,18.19 2 0
github.com/RandySteven/neo-postman/mocks/YAMLActionContract.go:18.19,19.50 1 0
github.com/RandySteven/neo-postman/mocks/YAMLActionContract.go:22.2,24.55 3 0
github.com/RandySteven/neo-postman/mocks/YAMLActionContract.go:24.55,26.3 1 0
github.com/RandySteven/neo-postman/mocks/YAMLActionContract.go:27.2,27.46 1 0
github.com/RandySteven/neo-postman/mocks/YAMLActionContract.go:27.46,29.3 1 0
github.com/RandySteven/neo-postman/mocks/YAMLActionContract.go:29.8,30.24 1 0
github.com/RandySteven/neo-postman/mocks/YAMLActionContract.go:30.24,32.4 1 0
github.com/RandySteven/neo-postman/mocks/YAMLActionContract.go:35.2,35.45 1 0
github.com/RandySteven/neo-postman/mocks/YAMLActionContract.go:35.45,37.3 1 0
github.com/RandySteven/neo-postman/mocks/YAMLActionContract.go:37.8,39.3 1 0
github.com/RandySteven/neo-postman/mocks/YAMLActionContract.go:41.2,41.15 1 0
github.com/RandySteven/neo-postman/mocks/YAMLActionContract.go:49.24,53.19 3 0
github.com/RandySteven/neo-postman/mocks/YAMLActionContract.go:53.19,53.49 1 0
github.com/RandySteven/neo-postman/mocks/YAMLActionContract.go:55.2,55.13 1 0
github.com/RandySteven/neo-postman/pkg/scheduler/cron.go:24.64,26.16 2 0
github.com/RandySteven/neo-postman/pkg/scheduler/cron.go:26.16,28.3 1 0
github.com/RandySteven/neo-postman/pkg/scheduler/cron.go:29.2,30.16 2 0
github.com/RandySteven/neo-postman/pkg/scheduler/cron.go:30.16,32.3 1 0
github.com/RandySteven/neo-postman/pkg/scheduler/cron.go:33.2,34.12 2 0
github.com/RandySteven/neo-postman/pkg/scheduler/cron.go:37.70,39.2 1 0
github.com/RandySteven/neo-postman/pkg/scheduler/cron.go:41.74,43.2 1 0
github.com/RandySteven/neo-postman/pkg/scheduler/cron.go:45.121,46.42 1 0
github.com/RandySteven/neo-postman/pkg/scheduler/cron.go:46.42,48.17 2 0
github.com/RandySteven/neo-postman/pkg/scheduler/cron.go:48.17,50.4 1 0
github.com/RandySteven/neo-postman/pkg/scheduler/cron.go:52.2,52.16 1 0
github.com/RandySteven/neo-postman/pkg/scheduler/cron.go:52.16,54.3 1 0
github.com/RandySteven/neo-postman/pkg/scheduler/cron.go:55.2,55.12 1 0
github.com/RandySteven/neo-postman/pkg/scheduler/cron.go:60.58,69.2 2 0
github.com/RandySteven/neo-postman/schedulers/test_data_scheduler.go:13.82,15.16 2 0
github.com/RandySteven/neo-postman/schedulers/test_data_scheduler.go:15.16,17.3 1 0
github.com/RandySteven/neo-postman/schedulers/test_data_scheduler.go:18.2,18.12 1 0
github.com/RandySteven/neo-postman/schedulers/test_data_scheduler.go:23.109,27.2 1 0
github.com/RandySteven/neo-postman/schedulers/test_record_scheduler.go:13.78,15.16 2 0
github.com/RandySteven/neo-postman/schedulers/test_record_scheduler.go:15.16,17.3 1 0
github.com/RandySteven/neo-postman/schedulers/test_record_scheduler.go:18.2,18.12 1 0
github.com/RandySteven/neo-postman/schedulers/test_record_scheduler.go:23.117,27.2 1 0
github.com/RandySteven/neo-postman/usecases/jira_issue_usecase.go:24.185,25.14 1 0
github.com/RandySteven/neo-postman/usecases/jira_issue_usecase.go:25.14,27.3 1 0
github.com/RandySteven/neo-postman/usecases/jira_issue_usecase.go:28.2,29.16 2 0
github.com/RandySteven/neo-postman/usecases/jira_issue_usecase.go:29.16,31.3 1 0
github.com/RandySteven/neo-postman/usecases/jira_issue_usecase.go:32.2,46.16 4 0
github.com/RandySteven/neo-postman/usecases/jira_issue_usecase.go:46.16,48.3 1 0
github.com/RandySteven/neo-postman/usecases/jira_issue_usecase.go:49.2,58.12 4 0
github.com/RandySteven/neo-postman/usecases/jira_issue_usecase.go:58.12,61.17 3 0
github.com/RandySteven/neo-postman/usecases/jira_issue_usecase.go:61.17,64.4 2 0
github.com/RandySteven/neo-postman/usecases/jira_issue_usecase.go:67.2,67.12 1 0
github.com/RandySteven/neo-postman/usecases/jira_issue_usecase.go:67.12,70.17 3 0
github.com/RandySteven/neo-postman/usecases/jira_issue_usecase.go:70.17,73.4 2 0
github.com/RandySteven/neo-postman/usecases/jira_issue_usecase.go:76.2,76.12 1 0
github.com/RandySteven/neo-postman/usecases/jira_issue_usecase.go:76.12,79.3 2 0
github.com/RandySteven/neo-postman/usecases/jira_issue_usecase.go:80.2,83.16 3 0
github.com/RandySteven/neo-postman/usecases/jira_issue_usecase.go:83.16,85.3 1 0
github.com/RandySteven/neo-postman/usecases/jira_issue_usecase.go:87.2,90.16 3 0
github.com/RandySteven/neo-postman/usecases/jira_issue_usecase.go:90.16,92.3 1 0
github.com/RandySteven/neo-postman/usecases/jira_issue_usecase.go:94.2,99.9 2 0
github.com/RandySteven/neo-postman/usecases/jira_issue_usecase.go:100.27,101.24 1 0
github.com/RandySteven/neo-postman/usecases/jira_issue_usecase.go:102.10,103.21 1 0
github.com/RandySteven/neo-postman/usecases/jira_issue_usecase.go:107.144,109.2 1 0
github.com/RandySteven/neo-postman/usecases/jira_issue_usecase.go:115.21,117.16 2 0
github.com/RandySteven/neo-postman/usecases/jira_issue_usecase.go:117.16,120.3 2 0
github.com/RandySteven/neo-postman/usecases/jira_issue_usecase.go:121.2,124.3 1 0
github.com/RandySteven/neo-postman/usecases/test_data_usecase.go:32.122,34.16 2 0
github.com/RandySteven/neo-postman/usecases/test_data_usecase.go:34.16,36.3 1 0
github.com/RandySteven/neo-postman/usecases/test_data_usecase.go:38.2,45.12 3 0
github.com/RandySteven/neo-postman/usecases/test_data_usecase.go:45.12,47.32 2 0
github.com/RandySteven/neo-postman/usecases/test_data_usecase.go:47.32,50.4 2 0
github.com/RandySteven/neo-postman/usecases/test_data_usecase.go:51.3,53.17 3 0
github.com/RandySteven/neo-postman/usecases/test_data_usecase.go:53.17,56.4 2 0
github.com/RandySteven/neo-postman/usecases/test_data_usecase.go:59.2,59.12 1 0
github.com/RandySteven/neo-postman/usecases/test_data_usecase.go:59.12,62.3 1 0
github.com/RandySteven/neo-postman/usecases/test_data_usecase.go:64.2,64.12 1 0
github.com/RandySteven/neo-postman/usecases/test_data_usecase.go:64.12,67.3 2 0
github.com/RandySteven/neo-postman/usecases/test_data_usecase.go:69.2,69.8 1 0
github.com/RandySteven/neo-postman/usecases/test_data_usecase.go:72.84,74.2 1 0
github.com/RandySteven/neo-postman/usecases/test_data_usecase.go:76.119,78.16 2 0
github.com/RandySteven/neo-postman/usecases/test_data_usecase.go:78.16,80.3 1 0
github.com/RandySteven/neo-postman/usecases/test_data_usecase.go:82.2,89.12 3 0
github.com/RandySteven/neo-postman/usecases/test_data_usecase.go:89.12,91.31 2 0
github.com/RandySteven/neo-postman/usecases/test_data_usecase.go:91.31,94.4 2 0
github.com/RandySteven/neo-postman/usecases/test_data_usecase.go:95.3,97.17 3 0
github.com/RandySteven/neo-postman/usecases/test_data_usecase.go:97.17,100.4 2 0
github.com/RandySteven/neo-postman/usecases/test_data_usecase.go:103.2,103.12 1 0
github.com/RandySteven/neo-postman/usecases/test_data_usecase.go:103.12,107.17 3 0
github.com/RandySteven/neo-postman/usecases/test_data_usecase.go:107.17,110.4 2 0
github.com/RandySteven/neo-postman/usecases/test_data_usecase.go:113.2,113.12 1 0
github.com/RandySteven/neo-postman/usecases/test_data_usecase.go:113.12,116.3 2 0
github.com/RandySteven/neo-postman/usecases/test_data_usecase.go:118.2,118.9 1 0
github.com/RandySteven/neo-postman/usecases/test_data_usecase.go:119.33,120.23 1 0
github.com/RandySteven/neo-postman/usecases/test_data_usecase.go:121.10,123.21 2 0
github.com/RandySteven/neo-postman/usecases/test_data_usecase.go:127.137,129.16 2 0
github.com/RandySteven/neo-postman/usecases/test_data_usecase.go:129.16,131.3 1 0
github.com/RandySteven/neo-postman/usecases/test_data_usecase.go:132.2,151.20 2 0
github.com/RandySteven/neo-postman/usecases/test_data_usecase.go:154.132,156.16 2 0
github.com/RandySteven/neo-postman/usecases/test_data_usecase.go:156.16,158.3 1 0
github.com/RandySteven/neo-postman/usecases/test_data_usecase.go:159.2,159.37 1 0
github.com/RandySteven/neo-postman/usecases/test_data_usecase.go:159.37,177.3 2 0
github.com/RandySteven/neo-postman/usecases/test_data_usecase.go:178.2,178.8 1 0
github.com/RandySteven/neo-postman/usecases/test_data_usecase.go:181.167,184.16 3 0
github.com/RandySteven/neo-postman/usecases/test_data_usecase.go:184.16,186.3 1 0
github.com/RandySteven/neo-postman/usecases/test_data_usecase.go:187.2,188.13 2 0
github.com/RandySteven/neo-postman/usecases/test_data_usecase.go:188.13,190.3 1 0
github.com/RandySteven/neo-postman/usecases/test_data_usecase.go:191.2,211.32 5 0
github.com/RandySteven/neo-postman/usecases/test_data_usecase.go:211.32,213.17 2 0
github.com/RandySteven/neo-postman/usecases/test_data_usecase.go:213.17,215.4 1 0
github.com/RandySteven/neo-postman/usecases/test_data_usecase.go:216.3,216.51 1 0
github.com/RandySteven/neo-postman/usecases/test_data_usecase.go:218.2,220.16 3 0
github.com/RandySteven/neo-postman/usecases/test_data_usecase.go:220.16,222.3 1 0
github.com/RandySteven/neo-postman/usecases/test_data_usecase.go:224.2,226.16 3 0
github.com/RandySteven/neo-postman/usecases/test_data_usecase.go:226.16,228.3 1 0
github.com/RandySteven/neo-postman/usecases/test_data_usecase.go:229.2,230.36 2 0
github.com/RandySteven/neo-postman/usecases/test_data_usecase.go:230.36,232.3 1 0
github.com/RandySteven/neo-postman/usecases/test_data_usecase.go:234.2,236.16 3 0
github.com/RandySteven/neo-postman/usecases/test_data_usecase.go:236.16,238.3 1 0
github.com/RandySteven/neo-postman/usecases/test_data_usecase.go:239.2,242.37 3 0
github.com/RandySteven/neo-postman/usecases/test_data_usecase.go:242.37,244.17 2 0
github.com/RandySteven/neo-postman/usecases/test_data_usecase.go:244.17,246.4 1 0
github.com/RandySteven/neo-postman/usecases/test_data_usecase.go:247.3,249.17 3 0
github.com/RandySteven/neo-postman/usecases/test_data_usecase.go:249.17,251.4 1 0
github.com/RandySteven/neo-postman/usecases/test_data_usecase.go:254.3,254.70 1 0
github.com/RandySteven/neo-postman/usecases/test_data_usecase.go:254.70,256.4 1 0
github.com/RandySteven/neo-postman/usecases/test_data_usecase.go:256.9,258.4 1 0
github.com/RandySteven/neo-postman/usecases/test_data_usecase.go:261.2,265.16 3 0
github.com/RandySteven/neo-postman/usecases/test_data_usecase.go:265.16,267.3 1 0
github.com/RandySteven/neo-postman/usecases/test_data_usecase.go:269.2,290.20 5 0
github.com/RandySteven/neo-postman/usecases/test_data_usecase.go:293.57,295.60 2 0
github.com/RandySteven/neo-postman/usecases/test_data_usecase.go:295.60,297.3 1 0
github.com/RandySteven/neo-postman/usecases/test_data_usecase.go:298.2,298.64 1 0
github.com/RandySteven/neo-postman/usecases/test_data_usecase.go:298.64,300.3 1 0
github.com/RandySteven/neo-postman/usecases/test_data_usecase.go:302.2,302.62 1 0
github.com/RandySteven/neo-postman/usecases/test_data_usecase.go:302.62,306.51 3 0
github.com/RandySteven/neo-postman/usecases/test_data_usecase.go:306.51,308.4 1 0
github.com/RandySteven/neo-postman/usecases/test_data_usecase.go:311.2,311.13 1 0
github.com/RandySteven/neo-postman/usecases/test_data_usecase.go:314.75,316.16 2 0
github.com/RandySteven/neo-postman/usecases/test_data_usecase.go:316.16,318.3 1 0
github.com/RandySteven/neo-postman/usecases/test_data_usecase.go:319.2,319.15 1 0
github.com/RandySteven/neo-postman/usecases/test_data_usecase.go:324.160,330.2 1 0
github.com/RandySteven/neo-postman/usecases/test_record_usecase.go:24.81,26.2 1 0
github.com/RandySteven/neo-postman/usecases/test_record_usecase.go:28.182,29.15 1 0
github.com/RandySteven/neo-postman/usecases/test_record_usecase.go:29.15,30.23 1 0
github.com/RandySteven/neo-postman/usecases/test_record_usecase.go:30.23,32.4 1 0
github.com/RandySteven/neo-postman/usecases/test_record_usecase.go:35.2,44.12 5 0
github.com/RandySteven/neo-postman/usecases/test_record_usecase.go:44.12,47.17 3 0
github.com/RandySteven/neo-postman/usecases/test_record_usecase.go:47.17,50.4 2 0
github.com/RandySteven/neo-postman/usecases/test_record_usecase.go:51.3,53.17 3 0
github.com/RandySteven/neo-postman/usecases/test_record_usecase.go:53.17,57.4 2 0
github.com/RandySteven/neo-postman/usecases/test_record_usecase.go:60.2,60.12 1 0
github.com/RandySteven/neo-postman/usecases/test_record_usecase.go:60.12,65.17 5 0
github.com/RandySteven/neo-postman/usecases/test_record_usecase.go:65.17,68.4 2 0
github.com/RandySteven/neo-postman/usecases/test_record_usecase.go:69.3,69.26 1 0
github.com/RandySteven/neo-postman/usecases/test_record_usecase.go:72.2,72.12 1 0
github.com/RandySteven/neo-postman/usecases/test_record_usecase.go:72.12,76.3 3 0
github.com/RandySteven/neo-postman/usecases/test_record_usecase.go:78.2,78.9 1 0
github.com/RandySteven/neo-postman/usecases/test_record_usecase.go:79.33,80.24 1 0
github.com/RandySteven/neo-postman/usecases/test_record_usecase.go:81.10,83.21 2 0
github.com/RandySteven/neo-postman/usecases/test_record_usecase.go:87.146,90.16 3 0
github.com/RandySteven/neo-postman/usecases/test_record_usecase.go:90.16,92.3 1 0
github.com/RandySteven/neo-postman/usecases/test_record_usecase.go:93.2,93.27 1 0
github.com/RandySteven/neo-postman/usecases/test_record_usecase.go:93.27,95.3 1 0
github.com/RandySteven/neo-postman/usecases/test_record_usecase.go:96.2,102.12 5 0
github.com/RandySteven/neo-postman/usecases/test_record_usecase.go:102.12,104.42 2 0
github.com/RandySteven/neo-postman/usecases/test_record_usecase.go:104.42,106.18 2 0
github.com/RandySteven/neo-postman/usecases/test_record_usecase.go:106.18,110.5 3 0
github.com/RandySteven/neo-postman/usecases/test_record_usecase.go:111.4,122.6 1 0
github.com/RandySteven/neo-postman/usecases/test_record_usecase.go:124.3,125.9 2 0
github.com/RandySteven/neo-postman/usecases/test_record_usecase.go:128.2,128.12 1 0
github.com/RandySteven/neo-postman/usecases/test_record_usecase.go:128.12,132.3 3 0
github.com/RandySteven/neo-postman/usecases/test_record_usecase.go:134.2,136.9 2 0
github.com/RandySteven/neo-postman/usecases/test_record_usecase.go:137.33,138.24 1 0
github.com/RandySteven/neo-postman/usecases/test_record_usecase.go:139.27,140.21 1 0
github.com/RandySteven/neo-postman/usecases/test_record_usecase.go:144.159,146.16 2 0
github.com/RandySteven/neo-postman/usecases/test_record_usecase.go:146.16,148.3 1 0
github.com/RandySteven/neo-postman/usecases/test_record_usecase.go:149.2,150.16 2 0
github.com/RandySteven/neo-postman/usecases/test_record_usecase.go:150.16,152.3 1 0
github.com/RandySteven/neo-postman/usecases/test_record_usecase.go:153.2,177.20 2 0
github.com/RandySteven/neo-postman/usecases/test_record_usecase.go:185.22,190.2 1 0
github.com/RandySteven/neo-postman/apperror/errors.go:24.39,26.2 1 0
github.com/RandySteven/neo-postman/apperror/errors.go:28.81,35.2 2 0
github.com/RandySteven/neo-postman/apperror/errors.go:37.38,38.20 1 0
github.com/RandySteven/neo-postman/apperror/errors.go:39.21,40.31 1 0
github.com/RandySteven/neo-postman/apperror/errors.go:41.19,42.29 1 0
github.com/RandySteven/neo-postman/apperror/errors.go:43.18,44.35 1 0
github.com/RandySteven/neo-postman/apperror/errors.go:45.23,46.33 1 0
github.com/RandySteven/neo-postman/apperror/errors.go:48.2,48.39 1 0
github.com/RandySteven/neo-postman/entities/payloads/responses/response.go:9.65,13.16 2 0
github.com/RandySteven/neo-postman/entities/payloads/responses/response.go:13.16,15.3 1 0
github.com/RandySteven/neo-postman/entities/payloads/responses/response.go:16.2,16.17 1 0
github.com/RandySteven/neo-postman/entities/payloads/responses/response.go:16.17,18.3 1 0
github.com/RandySteven/neo-postman/entities/payloads/responses/response.go:19.2,19.17 1 0
github.com/RandySteven/neo-postman/enums/issue_type.go:11.38,13.2 1 0
github.com/RandySteven/neo-postman/enums/result_status.go:11.41,12.11 1 0
github.com/RandySteven/neo-postman/enums/result_status.go:13.16,14.20 1 0
github.com/RandySteven/neo-postman/enums/result_status.go:15.18,16.22 1 0
github.com/RandySteven/neo-postman/enums/result_status.go:17.13,18.17 1 0
github.com/RandySteven/neo-postman/enums/result_status.go:20.2,20.18 1 0
github.com/RandySteven/neo-postman/enums/router_prefix.go:12.41,14.2 1 0
github.com/RandySteven/neo-postman/handlers/dev_handler.go:12.73,14.16 2 0
github.com/RandySteven/neo-postman/handlers/dev_handler.go:14.16,17.3 2 0
github.com/RandySteven/neo-postman/handlers/dev_handler.go:18.2,19.101 2 0
github.com/RandySteven/neo-postman/handlers/dev_handler.go:22.75,23.2 0 0
github.com/RandySteven/neo-postman/handlers/dev_handler.go:25.69,26.2 0 0
github.com/RandySteven/neo-postman/handlers/dev_handler.go:30.34,32.2 1 0
github.com/RandySteven/neo-postman/handlers/jira_issue_handler.go:18.85,26.54 3 0
github.com/RandySteven/neo-postman/handlers/jira_issue_handler.go:26.54,29.3 2 0
github.com/RandySteven/neo-postman/handlers/jira_issue_handler.go:30.2,31.22 2 0
github.com/RandySteven/neo-postman/handlers/jira_issue_handler.go:31.22,34.3 2 0
github.com/RandySteven/neo-postman/handlers/jira_issue_handler.go:35.2,35.94 1 0
github.com/RandySteven/neo-postman/handlers/jira_issue_handler.go:38.87,39.2 0 0
github.com/RandySteven/neo-postman/handlers/jira_issue_handler.go:41.91,42.2 0 0
github.com/RandySteven/neo-postman/handlers/jira_issue_handler.go:46.90,50.2 1 0
github.com/RandySteven/neo-postman/handlers/test_data_handler.go:20.78,28.16 5 0
github.com/RandySteven/neo-postman/handlers/test_data_handler.go:28.16,31.3 2 0
github.com/RandySteven/neo-postman/handlers/test_data_handler.go:32.2,33.22 2 0
github.com/RandySteven/neo-postman/handlers/test_data_handler.go:33.22,36.3 2 0
github.com/RandySteven/neo-postman/handlers/test_data_handler.go:37.2,37.64 1 0
github.com/RandySteven/neo-postman/handlers/test_data_handler.go:40.81,43.2 1 0
github.com/RandySteven/neo-postman/handlers/test_data_handler.go:45.81,54.22 4 0
github.com/RandySteven/neo-postman/handlers/test_data_handler.go:54.22,57.3 2 0
github.com/RandySteven/neo-postman/handlers/test_data_handler.go:58.2,58.88 1 0
github.com/RandySteven/neo-postman/handlers/test_data_handler.go:61.83,72.22 7 0
github.com/RandySteven/neo-postman/handlers/test_data_handler.go:72.22,75.3 2 0
github.com/RandySteven/neo-postman/handlers/test_data_handler.go:76.2,76.86 1 0
github.com/RandySteven/neo-postman/handlers/test_data_handler.go:79.81,87.54 3 0
github.com/RandySteven/neo-postman/handlers/test_data_handler.go:87.54,90.3 2 0
github.com/RandySteven/neo-postman/handlers/test_data_handler.go:91.2,92.22 2 0
github.com/RandySteven/neo-postman/handlers/test_data_handler.go:92.22,95.3 2 0
github.com/RandySteven/neo-postman/handlers/test_data_handler.go:96.2,96.88 1 0
github.com/RandySteven/neo-postman/handlers/test_data_handler.go:101.87,105.2 1 0
github.com/RandySteven/neo-postman/handlers/test_record_handler.go:20.86,27.54 2 0
github.com/RandySteven/neo-postman/handlers/test_record_handler.go:27.54,30.3 2 0
github.com/RandySteven/neo-postman/handlers/test_record_handler.go:31.2,32.22 2 0
github.com/RandySteven/neo-postman/handlers/test_record_handler.go:32.22,35.3 2 0
github.com/RandySteven/neo-postman/handlers/test_record_handler.go:36.2,36.99 1 0
github.com/RandySteven/neo-postman/handlers/test_record_handler.go:39.87,46.22 3 0
github.com/RandySteven/neo-postman/handlers/test_record_handler.go:46.22,49.3 2 0
github.com/RandySteven/neo-postman/handlers/test_record_handler.go:50.2,50.91 1 0
github.com/RandySteven/neo-postman/handlers/test_record_handler.go:53.89,62.16 4 0
github.com/RandySteven/neo-postman/handlers/test_record_handler.go:62.16,65.3 2 0
github.com/RandySteven/neo-postman/handlers/test_record_handler.go:66.2,67.22 2 0
github.com/RandySteven/neo-postman/handlers/test_record_handler.go:67.22,70.3 2 0
github.com/RandySteven/neo-postman/handlers/test_record_handler.go:71.2,71.91 1 0
github.com/RandySteven/neo-postman/handlers/test_record_handler.go:76.103,80.2 1 0
github.com/RandySteven/neo-postman/pkg/yaml/base_url.go:13.42,16.16 2 0
github.com/RandySteven/neo-postman/pkg/yaml/base_url.go:16.16,18.3 1 0
github.com/RandySteven/neo-postman/pkg/yaml/base_url.go:20.2,21.16 2 0
github.com/RandySteven/neo-postman/pkg/yaml/base_url.go:21.16,23.3 1 0
github.com/RandySteven/neo-postman/pkg/yaml/base_url.go:25.2,28.16 3 0
github.com/RandySteven/neo-postman/pkg/yaml/base_url.go:28.16,30.3 1 0
github.com/RandySteven/neo-postman/pkg/yaml/base_url.go:32.2,32.21 1 0
github.com/RandySteven/neo-postman/pkg/yaml/base_url.go:35.51,36.26 1 0
github.com/RandySteven/neo-postman/pkg/yaml/base_url.go:36.26,38.3 1 0
github.com/RandySteven/neo-postman/pkg/yaml/base_url.go:39.2,39.14 1 0
github.com/RandySteven/neo-postman/queries/query.go:9.43,11.2 1 0
github.com/RandySteven/neo-postman/queries/query.go:13.38,15.2 1 0
github.com/RandySteven/neo-postman/queries/query.go:17.36,19.2 1 0
github.com/RandySteven/neo-postman/apperror/errors.go:24.39,26.2 1 0
github.com/RandySteven/neo-postman/apperror/errors.go:28.81,35.2 2 0
github.com/RandySteven/neo-postman/apperror/errors.go:37.38,38.20 1 0
github.com/RandySteven/neo-postman/apperror/errors.go:39.21,40.31 1 0
github.com/RandySteven/neo-postman/apperror/errors.go:41.19,42.29 1 0
github.com/RandySteven/neo-postman/apperror/errors.go:43.18,44.35 1 0
github.com/RandySteven/neo-postman/apperror/errors.go:45.23,46.33 1 0
github.com/RandySteven/neo-postman/apperror/errors.go:48.2,48.39 1 0
github.com/RandySteven/neo-postman/entities/models/test_data.go:30.116,40.2 9 0
github.com/RandySteven/neo-postman/entities/payloads/responses/response.go:9.65,13.16 2 0
github.com/RandySteven/neo-postman/entities/payloads/responses/response.go:13.16,15.3 1 0
github.com/RandySteven/neo-postman/entities/payloads/responses/response.go:16.2,16.17 1 0
github.com/RandySteven/neo-postman/entities/payloads/responses/response.go:16.17,18.3 1 0
github.com/RandySteven/neo-postman/entities/payloads/responses/response.go:19.2,19.17 1 0
github.com/RandySteven/neo-postman/enums/issue_type.go:11.38,13.2 1 0
github.com/RandySteven/neo-postman/enums/result_status.go:11.41,12.11 1 0
github.com/RandySteven/neo-postman/enums/result_status.go:13.16,14.20 1 0
github.com/RandySteven/neo-postman/enums/result_status.go:15.18,16.22 1 0
github.com/RandySteven/neo-postman/enums/result_status.go:17.13,18.17 1 0
github.com/RandySteven/neo-postman/enums/result_status.go:20.2,20.18 1 0
github.com/RandySteven/neo-postman/enums/router_prefix.go:12.41,14.2 1 0
github.com/RandySteven/neo-postman/mocks/CliRuler.go:15.35,17.2 1 0
github.com/RandySteven/neo-postman/mocks/CliRuler.go:20.40,22.2 1 0
github.com/RandySteven/neo-postman/mocks/CliRuler.go:29.14,33.19 3 0
github.com/RandySteven/neo-postman/mocks/CliRuler.go:33.19,33.49 1 0
github.com/RandySteven/neo-postman/mocks/CliRuler.go:35.2,35.13 1 0
github.com/RandySteven/neo-postman/mocks/DevHandler.go:19.75,21.2 1 0
github.com/RandySteven/neo-postman/mocks/DevHandler.go:24.74,26.2 1 0
github.com/RandySteven/neo-postman/mocks/DevHandler.go:29.69,31.2 1 0
github.com/RandySteven/neo-postman/mocks/DevHandler.go:38.16,42.19 3 0
github.com/RandySteven/neo-postman/mocks/DevHandler.go:42.19,42.49 1 0
github.com/RandySteven/neo-postman/mocks/DevHandler.go:44.2,44.13 1 0
github.com/RandySteven/neo-postman/mocks/HandlerFunc.go:19.72,21.2 1 0
github.com/RandySteven/neo-postman/mocks/HandlerFunc.go:28.17,32.19 3 0
github.com/RandySteven/neo-postman/mocks/HandlerFunc.go:32.19,32.49 1 0
github.com/RandySteven/neo-postman/mocks/HandlerFunc.go:34.2,34.13 1 0
github.com/RandySteven/neo-postman/mocks/JiraAction.go:20.101,23.19 2 0
github.com/RandySteven/neo-postman/mocks/JiraAction.go:23.19,24.53 1 0
github.com/RandySteven/neo-postman/mocks/JiraAction.go:27.2,29.91 3 0
github.com/RandySteven/neo-postman/mocks/JiraAction.go:29.91,31.3 1 0
github.com/RandySteven/neo-postman/mocks/JiraAction.go:32.2,32.82 1 0
github.com/RandySteven/neo-postman/mocks/JiraAction.go:32.82,34.3 1 0
github.com/RandySteven/neo-postman/mocks/JiraAction.go:34.8,35.24 1 0
github.com/RandySteven/neo-postman/mocks/JiraAction.go:35.24,37.4 1 0
github.com/RandySteven/neo-postman/mocks/JiraAction.go:40.2,40.73 1 0
github.com/RandySteven/neo-postman/mocks/JiraAction.go:40.73,42.3 1 0
github.com/RandySteven/neo-postman/mocks/JiraAction.go:42.8,44.3 1 0
github.com/RandySteven/neo-postman/mocks/JiraAction.go:46.2,46.15 1 0
github.com/RandySteven/neo-postman/mocks/JiraAction.go:50.48,53.19 2 0
github.com/RandySteven/neo-postman/mocks/JiraAction.go:53.19,54.51 1 0
github.com/RandySteven/neo-postman/mocks/JiraAction.go:57.2,58.52 2 0
github.com/RandySteven/neo-postman/mocks/JiraAction.go:58.52,60.3 1 0
github.com/RandySteven/neo-postman/mocks/JiraAction.go:60.8,61.24 1 0
github.com/RandySteven/neo-postman/mocks/JiraAction.go:61.24,63.4 1 0
github.com/RandySteven/neo-postman/mocks/JiraAction.go:66.2,66.11 1 0
github.com/RandySteven/neo-postman/mocks/JiraAction.go:74.16,78.19 3 0
github.com/RandySteven/neo-postman/mocks/JiraAction.go:78.19,78.49 1 0
github.com/RandySteven/neo-postman/mocks/JiraAction.go:80.2,80.13 1 0
github.com/RandySteven/neo-postman/mocks/JiraActionContract.go:15.50,17.2 1 0
github.com/RandySteven/neo-postman/mocks/JiraActionContract.go:24.24,28.19 3 0
github.com/RandySteven/neo-postman/mocks/JiraActionContract.go:28.19,28.49 1 0
github.com/RandySteven/neo-postman/mocks/JiraActionContract.go:30.2,30.13 1 0
github.com/RandySteven/neo-postman/mocks/JiraIssueHandler.go:19.86,21.2 1 0
github.com/RandySteven/neo-postman/mocks/JiraIssueHandler.go:24.87,26.2 1 0
github.com/RandySteven/neo-postman/mocks/JiraIssueHandler.go:29.91,31.2 1 0
github.com/RandySteven/neo-postman/mocks/JiraIssueHandler.go:38.22,42.19 3 0
github.com/RandySteven/neo-postman/mocks/JiraIssueHandler.go:42.19,42.49 1 0
github.com/RandySteven/neo-postman/mocks/JiraIssueHandler.go:44.2,44.13 1 0
github.com/RandySteven/neo-postman/mocks/JiraIssueRepository.go:20.77,23.19 2 0
github.com/RandySteven/neo-postman/mocks/JiraIssueRepository.go:23.19,24.48 1 0
github.com/RandySteven/neo-postman/mocks/JiraIssueRepository.go:27.2,28.68 2 0
github.com/RandySteven/neo-postman/mocks/JiraIssueRepository.go:28.68,30.3 1 0
github.com/RandySteven/neo-postman/mocks/JiraIssueRepository.go:30.8,32.3 1 0
github.com/RandySteven/neo-postman/mocks/JiraIssueRepository.go:34.2,34.11 1 0
github.com/RandySteven/neo-postman/mocks/JiraIssueRepository.go:38.90,41.19 2 0
github.com/RandySteven/neo-postman/mocks/JiraIssueRepository.go:41.19,42.49 1 0
github.com/RandySteven/neo-postman/mocks/JiraIssueRepository.go:45.2,47.83 3 0
github.com/RandySteven/neo-postman/mocks/JiraIssueRepository.go:47.83,49.3 1 0
github.com/RandySteven/neo-postman/mocks/JiraIssueRepository.go:50.2,50.74 1 0
github.com/RandySteven/neo-postman/mocks/JiraIssueRepository.go:50.74,52.3 1 0
github.com/RandySteven/neo-postman/mocks/JiraIssueRepository.go:52.8,53.24 1 0
github.com/RandySteven/neo-postman/mocks/JiraIssueRepository.go:53.24,55.4 1 0
github.com/RandySteven/neo-postman/mocks/JiraIssueRepository.go:58.2,58.60 1 0
github.com/RandySteven/neo-postman/mocks/JiraIssueRepository.go:58.60,60.3 1 0
github.com/RandySteven/neo-postman/mocks/JiraIssueRepository.go:60.8,62.3 1 0
github.com/RandySteven/neo-postman/mocks/JiraIssueRepository.go:64.2,64.15 1 0
github.com/RandySteven/neo-postman/mocks/JiraIssueRepository.go:68.100,71.19 2 0
github.com/RandySteven/neo-postman/mocks/JiraIssueRepository.go:71.19,72.50 1 0
github.com/RandySteven/neo-postman/mocks/JiraIssueRepository.go:75.2,77.89 3 0
github.com/RandySteven/neo-postman/mocks/JiraIssueRepository.go:77.89,79.3 1 0
github.com/RandySteven/neo-postman/mocks/JiraIssueRepository.go:80.2,80.80 1 0
github.com/RandySteven/neo-postman/mocks/JiraIssueRepository.go:80.80,82.3 1 0
github.com/RandySteven/neo-postman/mocks/JiraIssueRepository.go:82.8,83.24 1 0
github.com/RandySteven/neo-postman/mocks/JiraIssueRepository.go:83.24,85.4 1 0
github.com/RandySteven/neo-postman/mocks/JiraIssueRepository.go:88.2,88.68 1 0
github.com/RandySteven/neo-postman/mocks/JiraIssueRepository.go:88.68,90.3 1 0
github.com/RandySteven/neo-postman/mocks/JiraIssueRepository.go:90.8,92.3 1 0
github.com/RandySteven/neo-postman/mocks/JiraIssueRepository.go:94.2,94.15 1 0
github.com/RandySteven/neo-postman/mocks/JiraIssueRepository.go:98.112,101.19 2 0
github.com/RandySteven/neo-postman/mocks/JiraIssueRepository.go:101.19,102.46 1 0
github.com/RandySteven/neo-postman/mocks/JiraIssueRepository.go:105.2,107.100 3 0
github.com/RandySteven/neo-postman/mocks/JiraIssueRepository.go:107.100,109.3 1 0
github.com/RandySteven/neo-postman/mocks/JiraIssueRepository.go:110.2,110.91 1 0
github.com/RandySteven/neo-postman/mocks/JiraIssueRepository.go:110.91,112.3 1 0
github.com/RandySteven/neo-postman/mocks/JiraIssueRepository.go:112.8,113.24 1 0
[...]
github.com/RandySteven/neo-postman/mocks/TestRecordRepository.go:80.2,80.81 1 0
github.com/RandySteven/neo-postman/mocks/TestRecordRepository.go:80.81,82.3 1 0
github.com/RandySteven/neo-postman/mocks/TestRecordRepository.go:82.8,83.24 1 0
github.com/RandySteven/neo-postman/mocks/TestRecordRepository.go:83.24,85.4 1 0
github.com/RandySteven/neo-postman/mocks/TestRecordRepository.go:88.2,88.68 1 0
github.com/RandySteven/neo-postman/mocks/TestRecordRepository.go:88.68,90.3 1 0
github.com/RandySteven/neo-postman/mocks/TestRecordRepository.go:90.8,92.3 1 0
github.com/RandySteven/neo-postman/mocks/TestRecordRepository.go:94.2,94.15 1 0
github.com/RandySteven/neo-postman/mocks/TestRecordRepository.go:98.115,101.19 2 0
github.com/RandySteven/neo-postman/mocks/TestRecordRepository.go:101.19,102.46 1 0
github.com/RandySteven/neo-postman/mocks/TestRecordRepository.go:105.2,107.102 3 0
github.com/RandySteven/neo-postman/mocks/TestRecordRepository.go:107.102,109.3 1 0
github.com/RandySteven/neo-postman/mocks/TestRecordRepository.go:110.2,110.93 1 0
github.com/RandySteven/neo-postman/mocks/TestRecordRepository.go:110.93,112.3 1 0
github.com/RandySteven/neo-postman/mocks/TestRecordRepository.go:112.8,113.24 1 0
github.com/RandySteven/neo-postman/mocks/TestRecordRepository.go:113.24,115.4 1 0
github.com/RandySteven/neo-postman/mocks/TestRecordRepository.go:118.2,118.80 1 0
github.com/RandySteven/neo-postman/mocks/TestRecordRepository.go:118.80,120.3 1 0
github.com/RandySteven/neo-postman/mocks/TestRecordRepository.go:120.8,122.3 1 0
github.com/RandySteven/neo-postman/mocks/TestRecordRepository.go:124.2,124.15 1 0
github.com/RandySteven/neo-postman/mocks/TestRecordRepository.go:128.78,131.19 2 0
github.com/RandySteven/neo-postman/mocks/TestRecordRepository.go:131.19,132.59 1 0
github.com/RandySteven/neo-postman/mocks/TestRecordRepository.go:135.2,136.60 2 0
github.com/RandySteven/neo-postman/mocks/TestRecordRepository.go:136.60,138.3 1 0
github.com/RandySteven/neo-postman/mocks/TestRecordRepository.go:138.8,140.3 1 0
github.com/RandySteven/neo-postman/mocks/TestRecordRepository.go:142.2,142.11 1 0
github.com/RandySteven/neo-postman/mocks/TestRecordRepository.go:146.117,149.19 2 0
github.com/RandySteven/neo-postman/mocks/TestRecordRepository.go:149.19,150.48 1 0
github.com/RandySteven/neo-postman/mocks/TestRecordRepository.go:153.2,155.102 3 0
github.com/RandySteven/neo-postman/mocks/TestRecordRepository.go:155.102,157.3 1 0
github.com/RandySteven/neo-postman/mocks/TestRecordRepository.go:158.2,158.93 1 0
github.com/RandySteven/neo-postman/mocks/TestRecordRepository.go:158.93,160.3 1 0
github.com/RandySteven/neo-postman/mocks/TestRecordRepository.go:160.8,161.24 1 0
github.com/RandySteven/neo-postman/mocks/TestRecordRepository.go:161.24,163.4 1 0
github.com/RandySteven/neo-postman/mocks/TestRecordRepository.go:166.2,166.80 1 0
github.com/RandySteven/neo-postman/mocks/TestRecordRepository.go:166.80,168.3 1 0
github.com/RandySteven/neo-postman/mocks/TestRecordRepository.go:168.8,170.3 1 0
github.com/RandySteven/neo-postman/mocks/TestRecordRepository.go:172.2,172.15 1 0
github.com/RandySteven/neo-postman/mocks/TestRecordRepository.go:180.26,184.19 3 0
github.com/RandySteven/neo-postman/mocks/TestRecordRepository.go:184.19,184.49 1 0
github.com/RandySteven/neo-postman/mocks/TestRecordRepository.go:186.2,186.13 1 0
github.com/RandySteven/neo-postman/mocks/TestRecordScheduler.go:19.79,22.19 2 0
github.com/RandySteven/neo-postman/mocks/TestRecordScheduler.go:22.19,23.61 1 0
github.com/RandySteven/neo-postman/mocks/TestRecordScheduler.go:26.2,27.60 2 0
github.com/RandySteven/neo-postman/mocks/TestRecordScheduler.go:27.60,29.3 1 0
github.com/RandySteven/neo-postman/mocks/TestRecordScheduler.go:29.8,31.3 1 0
github.com/RandySteven/neo-postman/mocks/TestRecordScheduler.go:33.2,33.11 1 0
github.com/RandySteven/neo-postman/mocks/TestRecordScheduler.go:41.25,45.19 3 0
github.com/RandySteven/neo-postman/mocks/TestRecordScheduler.go:45.19,45.49 1 0
github.com/RandySteven/neo-postman/mocks/TestRecordScheduler.go:47.2,47.13 1 0
github.com/RandySteven/neo-postman/mocks/TestRecordUseCase.go:25.76,28.19 2 0
github.com/RandySteven/neo-postman/mocks/TestRecordUseCase.go:28.19,29.60 1 0
github.com/RandySteven/neo-postman/mocks/TestRecordUseCase.go:32.2,33.60 2 0
github.com/RandySteven/neo-postman/mocks/TestRecordUseCase.go:33.60,35.3 1 0
github.com/RandySteven/neo-postman/mocks/TestRecordUseCase.go:35.8,37.3 1 0
github.com/RandySteven/neo-postman/mocks/TestRecordUseCase.go:39.2,39.11 1 0
github.com/RandySteven/neo-postman/mocks/TestRecordUseCase.go:43.166,46.19 2 0
github.com/RandySteven/neo-postman/mocks/TestRecordUseCase.go:46.19,47.58 1 0
github.com/RandySteven/neo-postman/mocks/TestRecordUseCase.go:50.2,52.144 3 0
github.com/RandySteven/neo-postman/mocks/TestRecordUseCase.go:52.144,54.3 1 0
github.com/RandySteven/neo-postman/mocks/TestRecordUseCase.go:55.2,55.119 1 0
github.com/RandySteven/neo-postman/mocks/TestRecordUseCase.go:55.119,57.3 1 0
github.com/RandySteven/neo-postman/mocks/TestRecordUseCase.go:57.8,58.24 1 0
github.com/RandySteven/neo-postman/mocks/TestRecordUseCase.go:58.24,60.4 1 0
github.com/RandySteven/neo-postman/mocks/TestRecordUseCase.go:63.2,63.105 1 0
github.com/RandySteven/neo-postman/mocks/TestRecordUseCase.go:63.105,65.3 1 0
github.com/RandySteven/neo-postman/mocks/TestRecordUseCase.go:65.8,66.24 1 0
github.com/RandySteven/neo-postman/mocks/TestRecordUseCase.go:66.24,68.4 1 0
github.com/RandySteven/neo-postman/mocks/TestRecordUseCase.go:71.2,71.15 1 0
github.com/RandySteven/neo-postman/mocks/TestRecordUseCase.go:75.130,78.19 2 0
github.com/RandySteven/neo-postman/mocks/TestRecordUseCase.go:78.19,79.59 1 0
github.com/RandySteven/neo-postman/mocks/TestRecordUseCase.go:82.2,84.115 3 0
github.com/RandySteven/neo-postman/mocks/TestRecordUseCase.go:84.115,86.3 1 0
github.com/RandySteven/neo-postman/mocks/TestRecordUseCase.go:87.2,87.90 1 0
github.com/RandySteven/neo-postman/mocks/TestRecordUseCase.go:87.90,89.3 1 0
github.com/RandySteven/neo-postman/mocks/TestRecordUseCase.go:89.8,90.24 1 0
github.com/RandySteven/neo-postman/mocks/TestRecordUseCase.go:90.24,92.4 1 0
github.com/RandySteven/neo-postman/mocks/TestRecordUseCase.go:95.2,95.76 1 0
github.com/RandySteven/neo-postman/mocks/TestRecordUseCase.go:95.76,97.3 1 0
github.com/RandySteven/neo-postman/mocks/TestRecordUseCase.go:97.8,98.24 1 0
github.com/RandySteven/neo-postman/mocks/TestRecordUseCase.go:98.24,100.4 1 0
github.com/RandySteven/neo-postman/mocks/TestRecordUseCase.go:103.2,103.15 1 0
github.com/RandySteven/neo-postman/mocks/TestRecordUseCase.go:107.143,110.19 2 0
github.com/RandySteven/neo-postman/mocks/TestRecordUseCase.go:110.19,111.61 1 0
github.com/RandySteven/neo-postman/mocks/TestRecordUseCase.go:114.2,116.123 3 0
github.com/RandySteven/neo-postman/mocks/TestRecordUseCase.go:116.123,118.3 1 0
github.com/RandySteven/neo-postman/mocks/TestRecordUseCase.go:119.2,119.98 1 0
github.com/RandySteven/neo-postman/mocks/TestRecordUseCase.go:119.98,121.3 1 0
github.com/RandySteven/neo-postman/mocks/TestRecordUseCase.go:121.8,122.24 1 0
github.com/RandySteven/neo-postman/mocks/TestRecordUseCase.go:122.24,124.4 1 0
github.com/RandySteven/neo-postman/mocks/TestRecordUseCase.go:127.2,127.84 1 0
github.com/RandySteven/neo-postman/mocks/TestRecordUseCase.go:127.84,129.3 1 0
github.com/RandySteven/neo-postman/mocks/TestRecordUseCase.go:129.8,130.24 1 0
github.com/RandySteven/neo-postman/mocks/TestRecordUseCase.go:130.24,132.4 1 0
github.com/RandySteven/neo-postman/mocks/TestRecordUseCase.go:135.2,135.15 1 0
github.com/RandySteven/neo-postman/mocks/TestRecordUseCase.go:143.23,147.19 3 0
github.com/RandySteven/neo-postman/mocks/TestRecordUseCase.go:147.19,147.49 1 0
github.com/RandySteven/neo-postman/mocks/TestRecordUseCase.go:149.2,149.13 1 0
github.com/RandySteven/neo-postman/mocks/YAMLActionContract.go:15.58,18.19 2 0
github.com/RandySteven/neo-postman/mocks/YAMLActionContract.go:18.19,19.50 1 0
github.com/RandySteven/neo-postman/mocks/YAMLActionContract.go:22.2,24.55 3 0
github.com/RandySteven/neo-postman/mocks/YAMLActionContract.go:24.55,26.3 1 0
github.com/RandySteven/neo-postman/mocks/YAMLActionContract.go:27.2,27.46 1 0
github.com/RandySteven/neo-postman/mocks/YAMLActionContract.go:27.46,29.3 1 0
github.com/RandySteven/neo-postman/mocks/YAMLActionContract.go:29.8,30.24 1 0
github.com/RandySteven/neo-postman/mocks/YAMLActionContract.go:30.24,32.4 1 0
github.com/RandySteven/neo-postman/mocks/YAMLActionContract.go:35.2,35.45 1 0
github.com/RandySteven/neo-postman/mocks/YAMLActionContract.go:35.45,37.3 1 0
github.com/RandySteven/neo-postman/mocks/YAMLActionContract.go:37.8,39.3 1 0
github.com/RandySteven/neo-postman/mocks/YAMLActionContract.go:41.2,41.15 1 0
github.com/RandySteven/neo-postman/mocks/YAMLActionContract.go:49.24,53.19 3 0
github.com/RandySteven/neo-postman/mocks/YAMLActionContract.go:53.19,53.49 1 0
github.com/RandySteven/neo-postman/mocks/YAMLActionContract.go:55.2,55.13 1 0
github.com/RandySteven/neo-postman/queries/query.go:9.43,11.2 1 0
github.com/RandySteven/neo-postman/queries/query.go:13.38,15.2 1 0
github.com/RandySteven/neo-postman/queries/query.go:17.36,19.2 1 0
github.com/RandySteven/neo-postman/repositories/jira_issue_repository.go:16.122,19.16 2 0
github.com/RandySteven/neo-postman/repositories/jira_issue_repository.go:19.16,21.3 1 0
github.com/RandySteven/neo-postman/repositories/jira_issue_repository.go:22.2,24.20 3 0
github.com/RandySteven/neo-postman/repositories/jira_issue_repository.go:27.100,29.2 1 0
github.com/RandySteven/neo-postman/repositories/jira_issue_repository.go:31.110,33.2 1 0
github.com/RandySteven/neo-postman/repositories/jira_issue_repository.go:35.124,37.2 1 0
github.com/RandySteven/neo-postman/repositories/jira_issue_repository.go:39.82,41.2 1 0
github.com/RandySteven/neo-postman/repositories/jira_issue_repository.go:45.57,49.2 1 0
github.com/RandySteven/neo-postman/repositories/test_data_repository.go:16.86,18.16 2 0
github.com/RandySteven/neo-postman/repositories/test_data_repository.go:18.16,20.3 1 0
github.com/RandySteven/neo-postman/repositories/test_data_repository.go:21.2,21.12 1 0
github.com/RandySteven/neo-postman/repositories/test_data_repository.go:24.119,31.16 3 0
github.com/RandySteven/neo-postman/repositories/test_data_repository.go:31.16,33.3 1 0
github.com/RandySteven/neo-postman/repositories/test_data_repository.go:34.2,36.20 3 0
github.com/RandySteven/neo-postman/repositories/test_data_repository.go:39.98,41.2 1 0
github.com/RandySteven/neo-postman/repositories/test_data_repository.go:43.108,46.16 3 0
github.com/RandySteven/neo-postman/repositories/test_data_repository.go:46.16,48.3 1 0
github.com/RandySteven/neo-postman/repositories/test_data_repository.go:49.2,49.20 1 0
github.com/RandySteven/neo-postman/repositories/test_data_repository.go:52.121,59.16 3 0
github.com/RandySteven/neo-postman/repositories/test_data_repository.go:59.16,61.3 1 0
github.com/RandySteven/neo-postman/repositories/test_data_repository.go:62.2,63.20 2 0
github.com/RandySteven/neo-postman/repositories/test_data_repository.go:66.81,68.23 1 0
github.com/RandySteven/neo-postman/repositories/test_data_repository.go:73.60,77.2 1 0
github.com/RandySteven/neo-postman/repositories/test_record_repository.go:16.83,18.16 2 0
github.com/RandySteven/neo-postman/repositories/test_record_repository.go:18.16,20.3 1 0
github.com/RandySteven/neo-postman/repositories/test_record_repository.go:21.2,21.12 1 0
github.com/RandySteven/neo-postman/repositories/test_record_repository.go:24.125,26.16 2 0
github.com/RandySteven/neo-postman/repositories/test_record_repository.go:26.16,28.3 1 0
github.com/RandySteven/neo-postman/repositories/test_record_repository.go:29.2,31.20 3 0
github.com/RandySteven/neo-postman/repositories/test_record_repository.go:34.102,36.2 1 0
github.com/RandySteven/neo-postman/repositories/test_record_repository.go:38.112,41.16 3 0
github.com/RandySteven/neo-postman/repositories/test_record_repository.go:41.16,43.3 1 0
github.com/RandySteven/neo-postman/repositories/test_record_repository.go:44.2,44.20 1 0
github.com/RandySteven/neo-postman/repositories/test_record_repository.go:47.127,49.23 1 0
github.com/RandySteven/neo-postman/repositories/test_record_repository.go:52.83,54.23 1 0
github.com/RandySteven/neo-postman/repositories/test_record_repository.go:59.64,63.2 1 0
github.com/RandySteven/neo-postman/apperror/errors.go:24.39,26.2 1 0
github.com/RandySteven/neo-postman/apperror/errors.go:28.81,35.2 2 0
github.com/RandySteven/neo-postman/apperror/errors.go:37.38,38.20 1 0
github.com/RandySteven/neo-postman/apperror/errors.go:39.21,40.31 1 0
github.com/RandySteven/neo-postman/apperror/errors.go:41.19,42.29 1 0
github.com/RandySteven/neo-postman/apperror/errors.go:43.18,44.35 1 0
github.com/RandySteven/neo-postman/apperror/errors.go:45.23,46.33 1 0
github.com/RandySteven/neo-postman/apperror/errors.go:48.2,48.39 1 0
github.com/RandySteven/neo-postman/entities/payloads/responses/response.go:9.65,13.16 2 0
github.com/RandySteven/neo-postman/entities/payloads/responses/response.go:13.16,15.3 1 0
github.com/RandySteven/neo-postman/entities/payloads/responses/response.go:16.2,16.17 1 0
github.com/RandySteven/neo-postman/entities/payloads/responses/response.go:16.17,18.3 1 0
github.com/RandySteven/neo-postman/entities/payloads/responses/response.go:19.2,19.17 1 0
github.com/RandySteven/neo-postman/enums/issue_type.go:11.38,13.2 1 0
github.com/RandySteven/neo-postman/enums/result_status.go:11.41,12.11 1 0
github.com/RandySteven/neo-postman/enums/result_status.go:13.16,14.20 1 0
github.com/RandySteven/neo-postman/enums/result_status.go:15.18,16.22 1 0
github.com/RandySteven/neo-postman/enums/result_status.go:17.13,18.17 1 0
github.com/RandySteven/neo-postman/enums/result_status.go:20.2,20.18 1 0
github.com/RandySteven/neo-postman/enums/router_prefix.go:12.41,14.2 1 0
github.com/RandySteven/neo-postman/queries/query.go:9.43,11.2 1 0
github.com/RandySteven/neo-postman/queries/query.go:13.38,15.2 1 0
github.com/RandySteven/neo-postman/queries/query.go:17.36,19.2 1 1
github.com/RandySteven/neo-postman/utils/common.go:14.73,20.16 4 0
github.com/RandySteven/neo-postman/utils/common.go:20.16,22.3 1 0
github.com/RandySteven/neo-postman/utils/common.go:23.2,29.16 4 0
github.com/RandySteven/neo-postman/utils/common.go:29.16,32.3 2 0
github.com/RandySteven/neo-postman/utils/common.go:34.2,34.20 1 0
github.com/RandySteven/neo-postman/utils/common.go:37.49,39.2 1 1
github.com/RandySteven/neo-postman/utils/common.go:41.70,44.16 2 0
github.com/RandySteven/neo-postman/utils/common.go:44.16,46.3 1 0
github.com/RandySteven/neo-postman/utils/common.go:49.2,49.39 1 0
github.com/RandySteven/neo-postman/utils/common.go:52.65,54.16 2 1
github.com/RandySteven/neo-postman/utils/common.go:54.16,56.3 1 0
github.com/RandySteven/neo-postman/utils/common.go:57.2,57.27 1 1
github.com/RandySteven/neo-postman/utils/query.go:20.67,22.42 2 1
github.com/RandySteven/neo-postman/utils/query.go:22.42,24.3 1 1
github.com/RandySteven/neo-postman/utils/query.go:25.2,25.12 1 1
github.com/RandySteven/neo-postman/utils/query.go:28.108,30.16 2 0
github.com/RandySteven/neo-postman/utils/query.go:30.16,32.3 1 0
github.com/RandySteven/neo-postman/utils/query.go:33.2,34.16 2 0
github.com/RandySteven/neo-postman/utils/query.go:34.16,36.3 1 0
github.com/RandySteven/neo-postman/utils/query.go:37.2,41.16 4 0
github.com/RandySteven/neo-postman/utils/query.go:41.16,44.3 1 0
github.com/RandySteven/neo-postman/utils/query.go:45.2,45.17 1 0
github.com/RandySteven/neo-postman/utils/query.go:48.102,51.16 3 0
github.com/RandySteven/neo-postman/utils/query.go:51.16,53.3 1 0
github.com/RandySteven/neo-postman/utils/query.go:54.2,55.16 2 0
github.com/RandySteven/neo-postman/utils/query.go:55.16,57.3 1 0
github.com/RandySteven/neo-postman/utils/query.go:59.2,61.22 3 0
github.com/RandySteven/neo-postman/utils/query.go:61.22,63.3 1 0
github.com/RandySteven/neo-postman/utils/query.go:65.2,65.18 1 0
github.com/RandySteven/neo-postman/utils/query.go:65.18,68.17 3 0
github.com/RandySteven/neo-postman/utils/query.go:68.17,70.4 1 0
github.com/RandySteven/neo-postman/utils/query.go:71.3,71.28 1 0
github.com/RandySteven/neo-postman/utils/query.go:71.28,74.4 2 0
github.com/RandySteven/neo-postman/utils/query.go:75.3,75.59 1 0
github.com/RandySteven/neo-postman/utils/query.go:77.2,77.20 1 0
github.com/RandySteven/neo-postman/utils/query.go:80.99,82.16 2 0
github.com/RandySteven/neo-postman/utils/query.go:82.16,84.3 1 0
github.com/RandySteven/neo-postman/utils/query.go:85.2,86.16 2 0
github.com/RandySteven/neo-postman/utils/query.go:86.16,88.3 1 0
github.com/RandySteven/neo-postman/utils/query.go:89.2,89.12 1 0
github.com/RandySteven/neo-postman/utils/query.go:92.106,96.16 3 0
github.com/RandySteven/neo-postman/utils/query.go:96.16,98.3 1 0
github.com/RandySteven/neo-postman/utils/query.go:99.2,100.16 2 0
github.com/RandySteven/neo-postman/utils/query.go:100.16,102.3 1 0
github.com/RandySteven/neo-postman/utils/query.go:103.2,109.38 4 0
github.com/RandySteven/neo-postman/utils/query.go:109.38,112.3 2 0
github.com/RandySteven/neo-postman/utils/query.go:114.2,115.16 2 0
github.com/RandySteven/neo-postman/utils/query.go:115.16,117.3 1 0
github.com/RandySteven/neo-postman/utils/query.go:118.2,118.12 1 0
github.com/RandySteven/neo-postman/utils/query.go:121.105,123.16 2 0
github.com/RandySteven/neo-postman/utils/query.go:123.16,125.3 1 0
github.com/RandySteven/neo-postman/utils/query.go:126.2,127.16 2 0
github.com/RandySteven/neo-postman/utils/query.go:127.16,129.3 1 0
github.com/RandySteven/neo-postman/utils/query.go:130.2,130.12 1 0
github.com/RandySteven/neo-postman/utils/rest.go:17.61,19.2 1 0
github.com/RandySteven/neo-postman/utils/rest.go:21.61,23.2 1 0
github.com/RandySteven/neo-postman/utils/rest.go:25.60,27.2 1 0
github.com/RandySteven/neo-postman/utils/rest.go:29.61,31.16 2 0
github.com/RandySteven/neo-postman/utils/rest.go:31.16,33.3 1 0
github.com/RandySteven/neo-postman/utils/rest.go:35.2,40.36 4 0
github.com/RandySteven/neo-postman/utils/rest.go:40.36,43.23 3 0
github.com/RandySteven/neo-postman/utils/rest.go:43.23,45.12 2 0
github.com/RandySteven/neo-postman/utils/rest.go:47.3,47.22 1 0
github.com/RandySteven/neo-postman/utils/rest.go:47.22,49.4 1 0
github.com/RandySteven/neo-postman/utils/rest.go:50.3,51.52 2 0
github.com/RandySteven/neo-postman/utils/rest.go:51.52,53.4 1 0
github.com/RandySteven/neo-postman/utils/rest.go:54.3,56.40 3 0
github.com/RandySteven/neo-postman/utils/rest.go:59.2,59.12 1 0
github.com/RandySteven/neo-postman/utils/rest.go:62.70,64.16 2 0
github.com/RandySteven/neo-postman/utils/rest.go:64.16,66.3 1 0
github.com/RandySteven/neo-postman/utils/rest.go:67.2,68.16 2 0
github.com/RandySteven/neo-postman/utils/rest.go:68.16,70.3 1 0
github.com/RandySteven/neo-postman/utils/rest.go:71.2,73.47 2 0
github.com/RandySteven/neo-postman/utils/rest.go:73.47,75.23 2 0
github.com/RandySteven/neo-postman/utils/rest.go:75.23,77.12 2 0
github.com/RandySteven/neo-postman/utils/rest.go:80.3,80.134 1 0
github.com/RandySteven/neo-postman/utils/rest.go:80.134,82.4 1 0
github.com/RandySteven/neo-postman/utils/rest.go:84.3,86.36 2 0
github.com/RandySteven/neo-postman/utils/rest.go:86.36,88.18 2 0
github.com/RandySteven/neo-postman/utils/rest.go:88.18,90.5 1 0
github.com/RandySteven/neo-postman/utils/rest.go:91.4,93.74 2 0
github.com/RandySteven/neo-postman/utils/rest.go:96.3,96.24 1 0
github.com/RandySteven/neo-postman/utils/rest.go:99.2,99.12 1 0
github.com/RandySteven/neo-postman/utils/rest.go:102.125,106.43 4 0
github.com/RandySteven/neo-postman/utils/rest.go:106.43,108.3 1 0
github.com/RandySteven/neo-postman/utils/rest.go:109.2,112.16 4 0
github.com/RandySteven/neo-postman/utils/rest.go:112.16,115.3 2 0
github.com/RandySteven/neo-postman/utils/rest.go:118.64,128.2 3 0
github.com/RandySteven/neo-postman/utils/rest.go:130.75,134.2 3 0
